This file contains any messages produced by compilers while
running configure, to aid debugging if configure makes a mistake.

It was created by deconvolute configure 1.0, which was
generated by GNU Autoconf 2.69.  Invocation command line was

  $ ./configure 

## --------- ##
## Platform. ##
## --------- ##

hostname = Helens-MacBook-Pro.local
uname -m = x86_64
uname -r = 14.0.0
uname -s = Darwin
uname -v = Darwin Kernel Version 14.0.0: Fri Sep 19 00:26:44 PDT 2014; root:xnu-2782.1.97~2/RELEASE_X86_64

/usr/bin/uname -p = i386
/bin/uname -X     = unknown

/bin/arch              = unknown
/usr/bin/arch -k       = unknown
/usr/convex/getsysinfo = unknown
/usr/bin/hostinfo      = Mach kernel version:
	 Darwin Kernel Version 14.0.0: Fri Sep 19 00:26:44 PDT 2014; root:xnu-2782.1.97~2/RELEASE_X86_64
Kernel configured for up to 8 processors.
4 processors are physically available.
8 processors are logically available.
Processor type: x86_64h (Intel x86-64h Haswell)
Processors active: 0 1 2 3 4 5 6 7
Primary memory available: 16.00 gigabytes
Default processor set: 239 tasks, 1235 threads, 8 processors
Load average: 1.60, Mach factor: 6.39
/bin/machine           = unknown
/usr/bin/oslevel       = unknown
/bin/universe          = unknown

PATH: /Users/helenginn/Library/phenix-source/build/bin
PATH: /usr/local/bin
PATH: /Applications/Xcode.app/Contents/Developer/Toolchains/XcodeDefault.xctoolchain/usr/bin/
PATH: /Applications/ccp4-6.4.0/bin
PATH: /Applications/ccp4-6.4.0/etc
PATH: /usr/bin
PATH: /bin
PATH: /usr/sbin
PATH: /sbin
PATH: /opt/X11/bin
PATH: /usr/texbin
PATH: /Applications/ccp4-6.4.0/share/xia2/Applications


## ----------- ##
## Core tests. ##
## ----------- ##

configure:2568: checking for a BSD-compatible install
configure:2636: result: /usr/bin/install -c
configure:2647: checking whether build environment is sane
configure:2702: result: yes
configure:2853: checking for a thread-safe mkdir -p
configure:2892: result: ./install-sh -c -d
configure:2899: checking for gawk
configure:2929: result: no
configure:2899: checking for mawk
configure:2929: result: no
configure:2899: checking for nawk
configure:2929: result: no
configure:2899: checking for awk
configure:2915: found /usr/bin/awk
configure:2926: result: awk
configure:2937: checking whether make sets $(MAKE)
configure:2959: result: yes
configure:2988: checking whether make supports nested variables
configure:3005: result: yes
configure:3550: checking for g++
configure:3566: found /usr/bin/g++
configure:3577: result: g++
configure:3604: checking for C++ compiler version
configure:3613: g++ --version >&5
Apple LLVM version 6.1.0 (clang-602.0.53) (based on LLVM 3.6.0svn)
Target: x86_64-apple-darwin14.0.0
Thread model: posix
Configured with: --prefix=/Applications/Xcode.app/Contents/Developer/usr --with-gxx-include-dir=/Applications/Xcode.app/Contents/Developer/Platforms/MacOSX.platform/Developer/SDKs/MacOSX10.10.sdk/usr/include/c++/4.2.1
configure:3624: $? = 0
configure:3613: g++ -v >&5
Configured with: --prefix=/Applications/Xcode.app/Contents/Developer/usr --with-gxx-include-dir=/Applications/Xcode.app/Contents/Developer/Platforms/MacOSX.platform/Developer/SDKs/MacOSX10.10.sdk/usr/include/c++/4.2.1
Apple LLVM version 6.1.0 (clang-602.0.53) (based on LLVM 3.6.0svn)
Target: x86_64-apple-darwin14.0.0
Thread model: posix
configure:3624: $? = 0
configure:3613: g++ -V >&5
clang: error: argument to '-V' is missing (expected 1 value)
clang: error: no input files
configure:3624: $? = 1
configure:3613: g++ -qversion >&5
clang: error: unknown argument: '-qversion'
clang: error: no input files
configure:3624: $? = 1
configure:3644: checking whether the C++ compiler works
configure:3666: g++    conftest.cpp  >&5
conftest.cpp:10:9: warning: 'PACKAGE' macro redefined [-Wmacro-redefined]
#define PACKAGE "gap"
        ^
conftest.cpp:8:9: note: previous definition is here
#define PACKAGE "deconvolute"
        ^
conftest.cpp:11:9: warning: 'VERSION' macro redefined [-Wmacro-redefined]
#define VERSION "0.1"
        ^
conftest.cpp:9:9: note: previous definition is here
#define VERSION "1.0"
        ^
conftest.cpp:12:9: warning: 'PACKAGE' macro redefined [-Wmacro-redefined]
#define PACKAGE "fsmelt"
        ^
conftest.cpp:10:9: note: previous definition is here
#define PACKAGE "gap"
        ^
conftest.cpp:14:9: warning: 'PACKAGE' macro redefined [-Wmacro-redefined]
#define PACKAGE "map_to_sf"
        ^
conftest.cpp:12:9: note: previous definition is here
#define PACKAGE "fsmelt"
        ^
4 warnings generated.
configure:3670: $? = 0
configure:3718: result: yes
configure:3721: checking for C++ compiler default output file name
configure:3723: result: a.out
configure:3729: checking for suffix of executables
configure:3736: g++ -o conftest    conftest.cpp  >&5
conftest.cpp:10:9: warning: 'PACKAGE' macro redefined [-Wmacro-redefined]
#define PACKAGE "gap"
        ^
conftest.cpp:8:9: note: previous definition is here
#define PACKAGE "deconvolute"
        ^
conftest.cpp:11:9: warning: 'VERSION' macro redefined [-Wmacro-redefined]
#define VERSION "0.1"
        ^
conftest.cpp:9:9: note: previous definition is here
#define VERSION "1.0"
        ^
conftest.cpp:12:9: warning: 'PACKAGE' macro redefined [-Wmacro-redefined]
#define PACKAGE "fsmelt"
        ^
conftest.cpp:10:9: note: previous definition is here
#define PACKAGE "gap"
        ^
conftest.cpp:14:9: warning: 'PACKAGE' macro redefined [-Wmacro-redefined]
#define PACKAGE "map_to_sf"
        ^
conftest.cpp:12:9: note: previous definition is here
#define PACKAGE "fsmelt"
        ^
4 warnings generated.
configure:3740: $? = 0
configure:3762: result: 
configure:3784: checking whether we are cross compiling
configure:3792: g++ -o conftest    conftest.cpp  >&5
conftest.cpp:10:9: warning: 'PACKAGE' macro redefined [-Wmacro-redefined]
#define PACKAGE "gap"
        ^
conftest.cpp:8:9: note: previous definition is here
#define PACKAGE "deconvolute"
        ^
conftest.cpp:11:9: warning: 'VERSION' macro redefined [-Wmacro-redefined]
#define VERSION "0.1"
        ^
conftest.cpp:9:9: note: previous definition is here
#define VERSION "1.0"
        ^
conftest.cpp:12:9: warning: 'PACKAGE' macro redefined [-Wmacro-redefined]
#define PACKAGE "fsmelt"
        ^
conftest.cpp:10:9: note: previous definition is here
#define PACKAGE "gap"
        ^
conftest.cpp:14:9: warning: 'PACKAGE' macro redefined [-Wmacro-redefined]
#define PACKAGE "map_to_sf"
        ^
conftest.cpp:12:9: note: previous definition is here
#define PACKAGE "fsmelt"
        ^
4 warnings generated.
configure:3796: $? = 0
configure:3803: ./conftest
configure:3807: $? = 0
configure:3822: result: no
configure:3827: checking for suffix of object files
configure:3849: g++ -c   conftest.cpp >&5
conftest.cpp:10:9: warning: 'PACKAGE' macro redefined [-Wmacro-redefined]
#define PACKAGE "gap"
        ^
conftest.cpp:8:9: note: previous definition is here
#define PACKAGE "deconvolute"
        ^
conftest.cpp:11:9: warning: 'VERSION' macro redefined [-Wmacro-redefined]
#define VERSION "0.1"
        ^
conftest.cpp:9:9: note: previous definition is here
#define VERSION "1.0"
        ^
conftest.cpp:12:9: warning: 'PACKAGE' macro redefined [-Wmacro-redefined]
#define PACKAGE "fsmelt"
        ^
conftest.cpp:10:9: note: previous definition is here
#define PACKAGE "gap"
        ^
conftest.cpp:14:9: warning: 'PACKAGE' macro redefined [-Wmacro-redefined]
#define PACKAGE "map_to_sf"
        ^
conftest.cpp:12:9: note: previous definition is here
#define PACKAGE "fsmelt"
        ^
4 warnings generated.
configure:3853: $? = 0
configure:3874: result: o
configure:3878: checking whether we are using the GNU C++ compiler
configure:3897: g++ -c   conftest.cpp >&5
conftest.cpp:10:9: warning: 'PACKAGE' macro redefined [-Wmacro-redefined]
#define PACKAGE "gap"
        ^
conftest.cpp:8:9: note: previous definition is here
#define PACKAGE "deconvolute"
        ^
conftest.cpp:11:9: warning: 'VERSION' macro redefined [-Wmacro-redefined]
#define VERSION "0.1"
        ^
conftest.cpp:9:9: note: previous definition is here
#define VERSION "1.0"
        ^
conftest.cpp:12:9: warning: 'PACKAGE' macro redefined [-Wmacro-redefined]
#define PACKAGE "fsmelt"
        ^
conftest.cpp:10:9: note: previous definition is here
#define PACKAGE "gap"
        ^
conftest.cpp:14:9: warning: 'PACKAGE' macro redefined [-Wmacro-redefined]
#define PACKAGE "map_to_sf"
        ^
conftest.cpp:12:9: note: previous definition is here
#define PACKAGE "fsmelt"
        ^
4 warnings generated.
configure:3897: $? = 0
configure:3906: result: yes
configure:3915: checking whether g++ accepts -g
configure:3935: g++ -c -g  conftest.cpp >&5
conftest.cpp:10:9: warning: 'PACKAGE' macro redefined [-Wmacro-redefined]
#define PACKAGE "gap"
        ^
conftest.cpp:8:9: note: previous definition is here
#define PACKAGE "deconvolute"
        ^
conftest.cpp:11:9: warning: 'VERSION' macro redefined [-Wmacro-redefined]
#define VERSION "0.1"
        ^
conftest.cpp:9:9: note: previous definition is here
#define VERSION "1.0"
        ^
conftest.cpp:12:9: warning: 'PACKAGE' macro redefined [-Wmacro-redefined]
#define PACKAGE "fsmelt"
        ^
conftest.cpp:10:9: note: previous definition is here
#define PACKAGE "gap"
        ^
conftest.cpp:14:9: warning: 'PACKAGE' macro redefined [-Wmacro-redefined]
#define PACKAGE "map_to_sf"
        ^
conftest.cpp:12:9: note: previous definition is here
#define PACKAGE "fsmelt"
        ^
4 warnings generated.
configure:3935: $? = 0
configure: failed program was:
| /* confdefs.h */
| #define PACKAGE_NAME "deconvolute"
| #define PACKAGE_TARNAME "deconvolute"
| #define PACKAGE_VERSION "1.0"
| #define PACKAGE_STRING "deconvolute 1.0"
| #define PACKAGE_BUGREPORT "helen@strubi.ox.ac.uk"
| #define PACKAGE_URL ""
| #define PACKAGE "deconvolute"
| #define VERSION "1.0"
| #define PACKAGE "gap"
| #define VERSION "0.1"
| #define PACKAGE "fsmelt"
| #define VERSION "0.1"
| #define PACKAGE "map_to_sf"
| #define VERSION "0.1"
| /* end confdefs.h.  */
| 
| int
| main ()
| {
| 
|   ;
|   return 0;
| }
configure:3950: g++ -c   conftest.cpp >&5
conftest.cpp:10:9: warning: 'PACKAGE' macro redefined [-Wmacro-redefined]
#define PACKAGE "gap"
        ^
conftest.cpp:8:9: note: previous definition is here
#define PACKAGE "deconvolute"
        ^
conftest.cpp:11:9: warning: 'VERSION' macro redefined [-Wmacro-redefined]
#define VERSION "0.1"
        ^
conftest.cpp:9:9: note: previous definition is here
#define VERSION "1.0"
        ^
conftest.cpp:12:9: warning: 'PACKAGE' macro redefined [-Wmacro-redefined]
#define PACKAGE "fsmelt"
        ^
conftest.cpp:10:9: note: previous definition is here
#define PACKAGE "gap"
        ^
conftest.cpp:14:9: warning: 'PACKAGE' macro redefined [-Wmacro-redefined]
#define PACKAGE "map_to_sf"
        ^
conftest.cpp:12:9: note: previous definition is here
#define PACKAGE "fsmelt"
        ^
4 warnings generated.
configure:3950: $? = 0
configure: failed program was:
| /* confdefs.h */
| #define PACKAGE_NAME "deconvolute"
| #define PACKAGE_TARNAME "deconvolute"
| #define PACKAGE_VERSION "1.0"
| #define PACKAGE_STRING "deconvolute 1.0"
| #define PACKAGE_BUGREPORT "helen@strubi.ox.ac.uk"
| #define PACKAGE_URL ""
| #define PACKAGE "deconvolute"
| #define VERSION "1.0"
| #define PACKAGE "gap"
| #define VERSION "0.1"
| #define PACKAGE "fsmelt"
| #define VERSION "0.1"
| #define PACKAGE "map_to_sf"
| #define VERSION "0.1"
| /* end confdefs.h.  */
| 
| int
| main ()
| {
| 
|   ;
|   return 0;
| }
configure:3966: g++ -c -g  conftest.cpp >&5
conftest.cpp:10:9: warning: 'PACKAGE' macro redefined [-Wmacro-redefined]
#define PACKAGE "gap"
        ^
conftest.cpp:8:9: note: previous definition is here
#define PACKAGE "deconvolute"
        ^
conftest.cpp:11:9: warning: 'VERSION' macro redefined [-Wmacro-redefined]
#define VERSION "0.1"
        ^
conftest.cpp:9:9: note: previous definition is here
#define VERSION "1.0"
        ^
conftest.cpp:12:9: warning: 'PACKAGE' macro redefined [-Wmacro-redefined]
#define PACKAGE "fsmelt"
        ^
conftest.cpp:10:9: note: previous definition is here
#define PACKAGE "gap"
        ^
conftest.cpp:14:9: warning: 'PACKAGE' macro redefined [-Wmacro-redefined]
#define PACKAGE "map_to_sf"
        ^
conftest.cpp:12:9: note: previous definition is here
#define PACKAGE "fsmelt"
        ^
4 warnings generated.
configure:3966: $? = 0
configure:3976: result: yes
configure:4010: checking for style of include used by make
configure:4038: result: GNU
configure:4064: checking dependency style of g++
configure:4175: result: gcc3
configure:4192: checking dependency style of g++
configure:4303: result: gcc3
configure:4320: checking dependency style of g++
configure:4431: result: gcc3
configure:4448: checking dependency style of g++
configure:4559: result: gcc3
configure:4622: checking for gcc
configure:4638: found /usr/bin/gcc
configure:4649: result: gcc
configure:4878: checking for C compiler version
configure:4887: gcc --version >&5
Apple LLVM version 6.1.0 (clang-602.0.53) (based on LLVM 3.6.0svn)
Target: x86_64-apple-darwin14.0.0
Thread model: posix
Configured with: --prefix=/Applications/Xcode.app/Contents/Developer/usr --with-gxx-include-dir=/Applications/Xcode.app/Contents/Developer/Platforms/MacOSX.platform/Developer/SDKs/MacOSX10.10.sdk/usr/include/c++/4.2.1
configure:4898: $? = 0
configure:4887: gcc -v >&5
Configured with: --prefix=/Applications/Xcode.app/Contents/Developer/usr --with-gxx-include-dir=/Applications/Xcode.app/Contents/Developer/Platforms/MacOSX.platform/Developer/SDKs/MacOSX10.10.sdk/usr/include/c++/4.2.1
Apple LLVM version 6.1.0 (clang-602.0.53) (based on LLVM 3.6.0svn)
Target: x86_64-apple-darwin14.0.0
Thread model: posix
configure:4898: $? = 0
configure:4887: gcc -V >&5
clang: error: argument to '-V' is missing (expected 1 value)
clang: error: no input files
configure:4898: $? = 1
configure:4887: gcc -qversion >&5
clang: error: unknown argument: '-qversion'
clang: error: no input files
configure:4898: $? = 1
configure:4902: checking whether we are using the GNU C compiler
configure:4921: gcc -c   conftest.c >&5
conftest.c:10:9: warning: 'PACKAGE' macro redefined [-Wmacro-redefined]
#define PACKAGE "gap"
        ^
conftest.c:8:9: note: previous definition is here
#define PACKAGE "deconvolute"
        ^
conftest.c:11:9: warning: 'VERSION' macro redefined [-Wmacro-redefined]
#define VERSION "0.1"
        ^
conftest.c:9:9: note: previous definition is here
#define VERSION "1.0"
        ^
conftest.c:12:9: warning: 'PACKAGE' macro redefined [-Wmacro-redefined]
#define PACKAGE "fsmelt"
        ^
conftest.c:10:9: note: previous definition is here
#define PACKAGE "gap"
        ^
conftest.c:14:9: warning: 'PACKAGE' macro redefined [-Wmacro-redefined]
#define PACKAGE "map_to_sf"
        ^
conftest.c:12:9: note: previous definition is here
#define PACKAGE "fsmelt"
        ^
4 warnings generated.
configure:4921: $? = 0
configure:4930: result: yes
configure:4939: checking whether gcc accepts -g
configure:4959: gcc -c -g  conftest.c >&5
conftest.c:10:9: warning: 'PACKAGE' macro redefined [-Wmacro-redefined]
#define PACKAGE "gap"
        ^
conftest.c:8:9: note: previous definition is here
#define PACKAGE "deconvolute"
        ^
conftest.c:11:9: warning: 'VERSION' macro redefined [-Wmacro-redefined]
#define VERSION "0.1"
        ^
conftest.c:9:9: note: previous definition is here
#define VERSION "1.0"
        ^
conftest.c:12:9: warning: 'PACKAGE' macro redefined [-Wmacro-redefined]
#define PACKAGE "fsmelt"
        ^
conftest.c:10:9: note: previous definition is here
#define PACKAGE "gap"
        ^
conftest.c:14:9: warning: 'PACKAGE' macro redefined [-Wmacro-redefined]
#define PACKAGE "map_to_sf"
        ^
conftest.c:12:9: note: previous definition is here
#define PACKAGE "fsmelt"
        ^
4 warnings generated.
configure:4959: $? = 0
configure: failed program was:
| /* confdefs.h */
| #define PACKAGE_NAME "deconvolute"
| #define PACKAGE_TARNAME "deconvolute"
| #define PACKAGE_VERSION "1.0"
| #define PACKAGE_STRING "deconvolute 1.0"
| #define PACKAGE_BUGREPORT "helen@strubi.ox.ac.uk"
| #define PACKAGE_URL ""
| #define PACKAGE "deconvolute"
| #define VERSION "1.0"
| #define PACKAGE "gap"
| #define VERSION "0.1"
| #define PACKAGE "fsmelt"
| #define VERSION "0.1"
| #define PACKAGE "map_to_sf"
| #define VERSION "0.1"
| /* end confdefs.h.  */
| 
| int
| main ()
| {
| 
|   ;
|   return 0;
| }
configure:4974: gcc -c   conftest.c >&5
conftest.c:10:9: warning: 'PACKAGE' macro redefined [-Wmacro-redefined]
#define PACKAGE "gap"
        ^
conftest.c:8:9: note: previous definition is here
#define PACKAGE "deconvolute"
        ^
conftest.c:11:9: warning: 'VERSION' macro redefined [-Wmacro-redefined]
#define VERSION "0.1"
        ^
conftest.c:9:9: note: previous definition is here
#define VERSION "1.0"
        ^
conftest.c:12:9: warning: 'PACKAGE' macro redefined [-Wmacro-redefined]
#define PACKAGE "fsmelt"
        ^
conftest.c:10:9: note: previous definition is here
#define PACKAGE "gap"
        ^
conftest.c:14:9: warning: 'PACKAGE' macro redefined [-Wmacro-redefined]
#define PACKAGE "map_to_sf"
        ^
conftest.c:12:9: note: previous definition is here
#define PACKAGE "fsmelt"
        ^
4 warnings generated.
configure:4974: $? = 0
configure: failed program was:
| /* confdefs.h */
| #define PACKAGE_NAME "deconvolute"
| #define PACKAGE_TARNAME "deconvolute"
| #define PACKAGE_VERSION "1.0"
| #define PACKAGE_STRING "deconvolute 1.0"
| #define PACKAGE_BUGREPORT "helen@strubi.ox.ac.uk"
| #define PACKAGE_URL ""
| #define PACKAGE "deconvolute"
| #define VERSION "1.0"
| #define PACKAGE "gap"
| #define VERSION "0.1"
| #define PACKAGE "fsmelt"
| #define VERSION "0.1"
| #define PACKAGE "map_to_sf"
| #define VERSION "0.1"
| /* end confdefs.h.  */
| 
| int
| main ()
| {
| 
|   ;
|   return 0;
| }
configure:4990: gcc -c -g  conftest.c >&5
conftest.c:10:9: warning: 'PACKAGE' macro redefined [-Wmacro-redefined]
#define PACKAGE "gap"
        ^
conftest.c:8:9: note: previous definition is here
#define PACKAGE "deconvolute"
        ^
conftest.c:11:9: warning: 'VERSION' macro redefined [-Wmacro-redefined]
#define VERSION "0.1"
        ^
conftest.c:9:9: note: previous definition is here
#define VERSION "1.0"
        ^
conftest.c:12:9: warning: 'PACKAGE' macro redefined [-Wmacro-redefined]
#define PACKAGE "fsmelt"
        ^
conftest.c:10:9: note: previous definition is here
#define PACKAGE "gap"
        ^
conftest.c:14:9: warning: 'PACKAGE' macro redefined [-Wmacro-redefined]
#define PACKAGE "map_to_sf"
        ^
conftest.c:12:9: note: previous definition is here
#define PACKAGE "fsmelt"
        ^
4 warnings generated.
configure:4990: $? = 0
configure:5000: result: yes
configure:5017: checking for gcc option to accept ISO C89
configure:5080: gcc  -c -g -O2  conftest.c >&5
conftest.c:10:9: warning: 'PACKAGE' macro redefined [-Wmacro-redefined]
#define PACKAGE "gap"
        ^
conftest.c:8:9: note: previous definition is here
#define PACKAGE "deconvolute"
        ^
conftest.c:11:9: warning: 'VERSION' macro redefined [-Wmacro-redefined]
#define VERSION "0.1"
        ^
conftest.c:9:9: note: previous definition is here
#define VERSION "1.0"
        ^
conftest.c:12:9: warning: 'PACKAGE' macro redefined [-Wmacro-redefined]
#define PACKAGE "fsmelt"
        ^
conftest.c:10:9: note: previous definition is here
#define PACKAGE "gap"
        ^
conftest.c:14:9: warning: 'PACKAGE' macro redefined [-Wmacro-redefined]
#define PACKAGE "map_to_sf"
        ^
conftest.c:12:9: note: previous definition is here
#define PACKAGE "fsmelt"
        ^
4 warnings generated.
configure:5080: $? = 0
configure:5093: result: none needed
configure:5118: checking whether gcc understands -c and -o together
configure:5140: gcc -c conftest.c -o conftest2.o
conftest.c:10:9: warning: 'PACKAGE' macro redefined [-Wmacro-redefined]
#define PACKAGE "gap"
        ^
conftest.c:8:9: note: previous definition is here
#define PACKAGE "deconvolute"
        ^
conftest.c:11:9: warning: 'VERSION' macro redefined [-Wmacro-redefined]
#define VERSION "0.1"
        ^
conftest.c:9:9: note: previous definition is here
#define VERSION "1.0"
        ^
conftest.c:12:9: warning: 'PACKAGE' macro redefined [-Wmacro-redefined]
#define PACKAGE "fsmelt"
        ^
conftest.c:10:9: note: previous definition is here
#define PACKAGE "gap"
        ^
conftest.c:14:9: warning: 'PACKAGE' macro redefined [-Wmacro-redefined]
#define PACKAGE "map_to_sf"
        ^
conftest.c:12:9: note: previous definition is here
#define PACKAGE "fsmelt"
        ^
4 warnings generated.
configure:5143: $? = 0
configure:5140: gcc -c conftest.c -o conftest2.o
conftest.c:10:9: warning: 'PACKAGE' macro redefined [-Wmacro-redefined]
#define PACKAGE "gap"
        ^
conftest.c:8:9: note: previous definition is here
#define PACKAGE "deconvolute"
        ^
conftest.c:11:9: warning: 'VERSION' macro redefined [-Wmacro-redefined]
#define VERSION "0.1"
        ^
conftest.c:9:9: note: previous definition is here
#define VERSION "1.0"
        ^
conftest.c:12:9: warning: 'PACKAGE' macro redefined [-Wmacro-redefined]
#define PACKAGE "fsmelt"
        ^
conftest.c:10:9: note: previous definition is here
#define PACKAGE "gap"
        ^
conftest.c:14:9: warning: 'PACKAGE' macro redefined [-Wmacro-redefined]
#define PACKAGE "map_to_sf"
        ^
conftest.c:12:9: note: previous definition is here
#define PACKAGE "fsmelt"
        ^
4 warnings generated.
configure:5143: $? = 0
configure:5155: result: yes
configure:5174: checking dependency style of gcc
configure:5285: result: gcc3
configure:5302: checking dependency style of gcc
configure:5413: result: gcc3
configure:5430: checking dependency style of gcc
configure:5541: result: gcc3
configure:5558: checking dependency style of gcc
configure:5669: result: gcc3
configure:5695: result: LIBTBX build directory has been found
configure:5708: checking how to run the C preprocessor
configure:5739: gcc -E   -I/Users/helenginn/Library/phenix-source/build/include conftest.c
conftest.c:10:9: warning: 'PACKAGE' macro redefined [-Wmacro-redefined]
#define PACKAGE "gap"
        ^
conftest.c:8:9: note: previous definition is here
#define PACKAGE "deconvolute"
        ^
conftest.c:11:9: warning: 'VERSION' macro redefined [-Wmacro-redefined]
#define VERSION "0.1"
        ^
conftest.c:9:9: note: previous definition is here
#define VERSION "1.0"
        ^
conftest.c:12:9: warning: 'PACKAGE' macro redefined [-Wmacro-redefined]
#define PACKAGE "fsmelt"
        ^
conftest.c:10:9: note: previous definition is here
#define PACKAGE "gap"
        ^
conftest.c:14:9: warning: 'PACKAGE' macro redefined [-Wmacro-redefined]
#define PACKAGE "map_to_sf"
        ^
conftest.c:12:9: note: previous definition is here
#define PACKAGE "fsmelt"
        ^
4 warnings generated.
configure:5739: $? = 0
configure:5753: gcc -E   -I/Users/helenginn/Library/phenix-source/build/include conftest.c
conftest.c:10:9: warning: 'PACKAGE' macro redefined [-Wmacro-redefined]
#define PACKAGE "gap"
        ^
conftest.c:8:9: note: previous definition is here
#define PACKAGE "deconvolute"
        ^
conftest.c:11:9: warning: 'VERSION' macro redefined [-Wmacro-redefined]
#define VERSION "0.1"
        ^
conftest.c:9:9: note: previous definition is here
#define VERSION "1.0"
        ^
conftest.c:12:9: warning: 'PACKAGE' macro redefined [-Wmacro-redefined]
#define PACKAGE "fsmelt"
        ^
conftest.c:10:9: note: previous definition is here
#define PACKAGE "gap"
        ^
conftest.c:14:9: warning: 'PACKAGE' macro redefined [-Wmacro-redefined]
#define PACKAGE "map_to_sf"
        ^
conftest.c:12:9: note: previous definition is here
#define PACKAGE "fsmelt"
        ^
conftest.c:17:10: fatal error: 'ac_nonexistent.h' file not found
#include <ac_nonexistent.h>
         ^
4 warnings and 1 error generated.
configure:5753: $? = 1
configure: failed program was:
| /* confdefs.h */
| #define PACKAGE_NAME "deconvolute"
| #define PACKAGE_TARNAME "deconvolute"
| #define PACKAGE_VERSION "1.0"
| #define PACKAGE_STRING "deconvolute 1.0"
| #define PACKAGE_BUGREPORT "helen@strubi.ox.ac.uk"
| #define PACKAGE_URL ""
| #define PACKAGE "deconvolute"
| #define VERSION "1.0"
| #define PACKAGE "gap"
| #define VERSION "0.1"
| #define PACKAGE "fsmelt"
| #define VERSION "0.1"
| #define PACKAGE "map_to_sf"
| #define VERSION "0.1"
| /* end confdefs.h.  */
| #include <ac_nonexistent.h>
configure:5778: result: gcc -E
configure:5798: gcc -E   -I/Users/helenginn/Library/phenix-source/build/include conftest.c
conftest.c:10:9: warning: 'PACKAGE' macro redefined [-Wmacro-redefined]
#define PACKAGE "gap"
        ^
conftest.c:8:9: note: previous definition is here
#define PACKAGE "deconvolute"
        ^
conftest.c:11:9: warning: 'VERSION' macro redefined [-Wmacro-redefined]
#define VERSION "0.1"
        ^
conftest.c:9:9: note: previous definition is here
#define VERSION "1.0"
        ^
conftest.c:12:9: warning: 'PACKAGE' macro redefined [-Wmacro-redefined]
#define PACKAGE "fsmelt"
        ^
conftest.c:10:9: note: previous definition is here
#define PACKAGE "gap"
        ^
conftest.c:14:9: warning: 'PACKAGE' macro redefined [-Wmacro-redefined]
#define PACKAGE "map_to_sf"
        ^
conftest.c:12:9: note: previous definition is here
#define PACKAGE "fsmelt"
        ^
4 warnings generated.
configure:5798: $? = 0
configure:5812: gcc -E   -I/Users/helenginn/Library/phenix-source/build/include conftest.c
conftest.c:10:9: warning: 'PACKAGE' macro redefined [-Wmacro-redefined]
#define PACKAGE "gap"
        ^
conftest.c:8:9: note: previous definition is here
#define PACKAGE "deconvolute"
        ^
conftest.c:11:9: warning: 'VERSION' macro redefined [-Wmacro-redefined]
#define VERSION "0.1"
        ^
conftest.c:9:9: note: previous definition is here
#define VERSION "1.0"
        ^
conftest.c:12:9: warning: 'PACKAGE' macro redefined [-Wmacro-redefined]
#define PACKAGE "fsmelt"
        ^
conftest.c:10:9: note: previous definition is here
#define PACKAGE "gap"
        ^
conftest.c:14:9: warning: 'PACKAGE' macro redefined [-Wmacro-redefined]
#define PACKAGE "map_to_sf"
        ^
conftest.c:12:9: note: previous definition is here
#define PACKAGE "fsmelt"
        ^
conftest.c:17:10: fatal error: 'ac_nonexistent.h' file not found
#include <ac_nonexistent.h>
         ^
4 warnings and 1 error generated.
configure:5812: $? = 1
configure: failed program was:
| /* confdefs.h */
| #define PACKAGE_NAME "deconvolute"
| #define PACKAGE_TARNAME "deconvolute"
| #define PACKAGE_VERSION "1.0"
| #define PACKAGE_STRING "deconvolute 1.0"
| #define PACKAGE_BUGREPORT "helen@strubi.ox.ac.uk"
| #define PACKAGE_URL ""
| #define PACKAGE "deconvolute"
| #define VERSION "1.0"
| #define PACKAGE "gap"
| #define VERSION "0.1"
| #define PACKAGE "fsmelt"
| #define VERSION "0.1"
| #define PACKAGE "map_to_sf"
| #define VERSION "0.1"
| /* end confdefs.h.  */
| #include <ac_nonexistent.h>
configure:5841: checking for grep that handles long lines and -e
configure:5899: result: /usr/bin/grep
configure:5904: checking for egrep
configure:5966: result: /usr/bin/grep -E
configure:5971: checking for ANSI C header files
configure:5991: gcc -c -g -O2   -I/Users/helenginn/Library/phenix-source/build/include conftest.c >&5
conftest.c:10:9: warning: 'PACKAGE' macro redefined [-Wmacro-redefined]
#define PACKAGE "gap"
        ^
conftest.c:8:9: note: previous definition is here
#define PACKAGE "deconvolute"
        ^
conftest.c:11:9: warning: 'VERSION' macro redefined [-Wmacro-redefined]
#define VERSION "0.1"
        ^
conftest.c:9:9: note: previous definition is here
#define VERSION "1.0"
        ^
conftest.c:12:9: warning: 'PACKAGE' macro redefined [-Wmacro-redefined]
#define PACKAGE "fsmelt"
        ^
conftest.c:10:9: note: previous definition is here
#define PACKAGE "gap"
        ^
conftest.c:14:9: warning: 'PACKAGE' macro redefined [-Wmacro-redefined]
#define PACKAGE "map_to_sf"
        ^
conftest.c:12:9: note: previous definition is here
#define PACKAGE "fsmelt"
        ^
4 warnings generated.
configure:5991: $? = 0
conftest.c:10:9: warning: 'PACKAGE' macro redefined [-Wmacro-redefined]
#define PACKAGE "gap"
        ^
conftest.c:8:9: note: previous definition is here
#define PACKAGE "deconvolute"
        ^
conftest.c:11:9: warning: 'VERSION' macro redefined [-Wmacro-redefined]
#define VERSION "0.1"
        ^
conftest.c:9:9: note: previous definition is here
#define VERSION "1.0"
        ^
conftest.c:12:9: warning: 'PACKAGE' macro redefined [-Wmacro-redefined]
#define PACKAGE "fsmelt"
        ^
conftest.c:10:9: note: previous definition is here
#define PACKAGE "gap"
        ^
conftest.c:14:9: warning: 'PACKAGE' macro redefined [-Wmacro-redefined]
#define PACKAGE "map_to_sf"
        ^
conftest.c:12:9: note: previous definition is here
#define PACKAGE "fsmelt"
        ^
4 warnings generated.
conftest.c:10:9: warning: 'PACKAGE' macro redefined [-Wmacro-redefined]
#define PACKAGE "gap"
        ^
conftest.c:8:9: note: previous definition is here
#define PACKAGE "deconvolute"
        ^
conftest.c:11:9: warning: 'VERSION' macro redefined [-Wmacro-redefined]
#define VERSION "0.1"
        ^
conftest.c:9:9: note: previous definition is here
#define VERSION "1.0"
        ^
conftest.c:12:9: warning: 'PACKAGE' macro redefined [-Wmacro-redefined]
#define PACKAGE "fsmelt"
        ^
conftest.c:10:9: note: previous definition is here
#define PACKAGE "gap"
        ^
conftest.c:14:9: warning: 'PACKAGE' macro redefined [-Wmacro-redefined]
#define PACKAGE "map_to_sf"
        ^
conftest.c:12:9: note: previous definition is here
#define PACKAGE "fsmelt"
        ^
4 warnings generated.
configure:6064: gcc -o conftest -g -O2   -I/Users/helenginn/Library/phenix-source/build/include   -L/Users/helenginn/Library/phenix-source/build/lib conftest.c  >&5
conftest.c:10:9: warning: 'PACKAGE' macro redefined [-Wmacro-redefined]
#define PACKAGE "gap"
        ^
conftest.c:8:9: note: previous definition is here
#define PACKAGE "deconvolute"
        ^
conftest.c:11:9: warning: 'VERSION' macro redefined [-Wmacro-redefined]
#define VERSION "0.1"
        ^
conftest.c:9:9: note: previous definition is here
#define VERSION "1.0"
        ^
conftest.c:12:9: warning: 'PACKAGE' macro redefined [-Wmacro-redefined]
#define PACKAGE "fsmelt"
        ^
conftest.c:10:9: note: previous definition is here
#define PACKAGE "gap"
        ^
conftest.c:14:9: warning: 'PACKAGE' macro redefined [-Wmacro-redefined]
#define PACKAGE "map_to_sf"
        ^
conftest.c:12:9: note: previous definition is here
#define PACKAGE "fsmelt"
        ^
4 warnings generated.
configure:6064: $? = 0
configure:6064: ./conftest
configure:6064: $? = 0
configure:6075: result: yes
configure:6088: checking for sys/types.h
configure:6088: gcc -c -g -O2   -I/Users/helenginn/Library/phenix-source/build/include conftest.c >&5
conftest.c:10:9: warning: 'PACKAGE' macro redefined [-Wmacro-redefined]
#define PACKAGE "gap"
        ^
conftest.c:8:9: note: previous definition is here
#define PACKAGE "deconvolute"
        ^
conftest.c:11:9: warning: 'VERSION' macro redefined [-Wmacro-redefined]
#define VERSION "0.1"
        ^
conftest.c:9:9: note: previous definition is here
#define VERSION "1.0"
        ^
conftest.c:12:9: warning: 'PACKAGE' macro redefined [-Wmacro-redefined]
#define PACKAGE "fsmelt"
        ^
conftest.c:10:9: note: previous definition is here
#define PACKAGE "gap"
        ^
conftest.c:14:9: warning: 'PACKAGE' macro redefined [-Wmacro-redefined]
#define PACKAGE "map_to_sf"
        ^
conftest.c:12:9: note: previous definition is here
#define PACKAGE "fsmelt"
        ^
4 warnings generated.
configure:6088: $? = 0
configure:6088: result: yes
configure:6088: checking for sys/stat.h
configure:6088: gcc -c -g -O2   -I/Users/helenginn/Library/phenix-source/build/include conftest.c >&5
conftest.c:10:9: warning: 'PACKAGE' macro redefined [-Wmacro-redefined]
#define PACKAGE "gap"
        ^
conftest.c:8:9: note: previous definition is here
#define PACKAGE "deconvolute"
        ^
conftest.c:11:9: warning: 'VERSION' macro redefined [-Wmacro-redefined]
#define VERSION "0.1"
        ^
conftest.c:9:9: note: previous definition is here
#define VERSION "1.0"
        ^
conftest.c:12:9: warning: 'PACKAGE' macro redefined [-Wmacro-redefined]
#define PACKAGE "fsmelt"
        ^
conftest.c:10:9: note: previous definition is here
#define PACKAGE "gap"
        ^
conftest.c:14:9: warning: 'PACKAGE' macro redefined [-Wmacro-redefined]
#define PACKAGE "map_to_sf"
        ^
conftest.c:12:9: note: previous definition is here
#define PACKAGE "fsmelt"
        ^
4 warnings generated.
configure:6088: $? = 0
configure:6088: result: yes
configure:6088: checking for stdlib.h
configure:6088: gcc -c -g -O2   -I/Users/helenginn/Library/phenix-source/build/include conftest.c >&5
conftest.c:10:9: warning: 'PACKAGE' macro redefined [-Wmacro-redefined]
#define PACKAGE "gap"
        ^
conftest.c:8:9: note: previous definition is here
#define PACKAGE "deconvolute"
        ^
conftest.c:11:9: warning: 'VERSION' macro redefined [-Wmacro-redefined]
#define VERSION "0.1"
        ^
conftest.c:9:9: note: previous definition is here
#define VERSION "1.0"
        ^
conftest.c:12:9: warning: 'PACKAGE' macro redefined [-Wmacro-redefined]
#define PACKAGE "fsmelt"
        ^
conftest.c:10:9: note: previous definition is here
#define PACKAGE "gap"
        ^
conftest.c:14:9: warning: 'PACKAGE' macro redefined [-Wmacro-redefined]
#define PACKAGE "map_to_sf"
        ^
conftest.c:12:9: note: previous definition is here
#define PACKAGE "fsmelt"
        ^
4 warnings generated.
configure:6088: $? = 0
configure:6088: result: yes
configure:6088: checking for string.h
configure:6088: gcc -c -g -O2   -I/Users/helenginn/Library/phenix-source/build/include conftest.c >&5
conftest.c:10:9: warning: 'PACKAGE' macro redefined [-Wmacro-redefined]
#define PACKAGE "gap"
        ^
conftest.c:8:9: note: previous definition is here
#define PACKAGE "deconvolute"
        ^
conftest.c:11:9: warning: 'VERSION' macro redefined [-Wmacro-redefined]
#define VERSION "0.1"
        ^
conftest.c:9:9: note: previous definition is here
#define VERSION "1.0"
        ^
conftest.c:12:9: warning: 'PACKAGE' macro redefined [-Wmacro-redefined]
#define PACKAGE "fsmelt"
        ^
conftest.c:10:9: note: previous definition is here
#define PACKAGE "gap"
        ^
conftest.c:14:9: warning: 'PACKAGE' macro redefined [-Wmacro-redefined]
#define PACKAGE "map_to_sf"
        ^
conftest.c:12:9: note: previous definition is here
#define PACKAGE "fsmelt"
        ^
4 warnings generated.
configure:6088: $? = 0
configure:6088: result: yes
configure:6088: checking for memory.h
configure:6088: gcc -c -g -O2   -I/Users/helenginn/Library/phenix-source/build/include conftest.c >&5
conftest.c:10:9: warning: 'PACKAGE' macro redefined [-Wmacro-redefined]
#define PACKAGE "gap"
        ^
conftest.c:8:9: note: previous definition is here
#define PACKAGE "deconvolute"
        ^
conftest.c:11:9: warning: 'VERSION' macro redefined [-Wmacro-redefined]
#define VERSION "0.1"
        ^
conftest.c:9:9: note: previous definition is here
#define VERSION "1.0"
        ^
conftest.c:12:9: warning: 'PACKAGE' macro redefined [-Wmacro-redefined]
#define PACKAGE "fsmelt"
        ^
conftest.c:10:9: note: previous definition is here
#define PACKAGE "gap"
        ^
conftest.c:14:9: warning: 'PACKAGE' macro redefined [-Wmacro-redefined]
#define PACKAGE "map_to_sf"
        ^
conftest.c:12:9: note: previous definition is here
#define PACKAGE "fsmelt"
        ^
4 warnings generated.
configure:6088: $? = 0
configure:6088: result: yes
configure:6088: checking for strings.h
configure:6088: gcc -c -g -O2   -I/Users/helenginn/Library/phenix-source/build/include conftest.c >&5
conftest.c:10:9: warning: 'PACKAGE' macro redefined [-Wmacro-redefined]
#define PACKAGE "gap"
        ^
conftest.c:8:9: note: previous definition is here
#define PACKAGE "deconvolute"
        ^
conftest.c:11:9: warning: 'VERSION' macro redefined [-Wmacro-redefined]
#define VERSION "0.1"
        ^
conftest.c:9:9: note: previous definition is here
#define VERSION "1.0"
        ^
conftest.c:12:9: warning: 'PACKAGE' macro redefined [-Wmacro-redefined]
#define PACKAGE "fsmelt"
        ^
conftest.c:10:9: note: previous definition is here
#define PACKAGE "gap"
        ^
conftest.c:14:9: warning: 'PACKAGE' macro redefined [-Wmacro-redefined]
#define PACKAGE "map_to_sf"
        ^
conftest.c:12:9: note: previous definition is here
#define PACKAGE "fsmelt"
        ^
4 warnings generated.
configure:6088: $? = 0
configure:6088: result: yes
configure:6088: checking for inttypes.h
configure:6088: gcc -c -g -O2   -I/Users/helenginn/Library/phenix-source/build/include conftest.c >&5
conftest.c:10:9: warning: 'PACKAGE' macro redefined [-Wmacro-redefined]
#define PACKAGE "gap"
        ^
conftest.c:8:9: note: previous definition is here
#define PACKAGE "deconvolute"
        ^
conftest.c:11:9: warning: 'VERSION' macro redefined [-Wmacro-redefined]
#define VERSION "0.1"
        ^
conftest.c:9:9: note: previous definition is here
#define VERSION "1.0"
        ^
conftest.c:12:9: warning: 'PACKAGE' macro redefined [-Wmacro-redefined]
#define PACKAGE "fsmelt"
        ^
conftest.c:10:9: note: previous definition is here
#define PACKAGE "gap"
        ^
conftest.c:14:9: warning: 'PACKAGE' macro redefined [-Wmacro-redefined]
#define PACKAGE "map_to_sf"
        ^
conftest.c:12:9: note: previous definition is here
#define PACKAGE "fsmelt"
        ^
4 warnings generated.
configure:6088: $? = 0
configure:6088: result: yes
configure:6088: checking for stdint.h
configure:6088: gcc -c -g -O2   -I/Users/helenginn/Library/phenix-source/build/include conftest.c >&5
conftest.c:10:9: warning: 'PACKAGE' macro redefined [-Wmacro-redefined]
#define PACKAGE "gap"
        ^
conftest.c:8:9: note: previous definition is here
#define PACKAGE "deconvolute"
        ^
conftest.c:11:9: warning: 'VERSION' macro redefined [-Wmacro-redefined]
#define VERSION "0.1"
        ^
conftest.c:9:9: note: previous definition is here
#define VERSION "1.0"
        ^
conftest.c:12:9: warning: 'PACKAGE' macro redefined [-Wmacro-redefined]
#define PACKAGE "fsmelt"
        ^
conftest.c:10:9: note: previous definition is here
#define PACKAGE "gap"
        ^
conftest.c:14:9: warning: 'PACKAGE' macro redefined [-Wmacro-redefined]
#define PACKAGE "map_to_sf"
        ^
conftest.c:12:9: note: previous definition is here
#define PACKAGE "fsmelt"
        ^
4 warnings generated.
configure:6088: $? = 0
configure:6088: result: yes
configure:6088: checking for unistd.h
configure:6088: gcc -c -g -O2   -I/Users/helenginn/Library/phenix-source/build/include conftest.c >&5
conftest.c:10:9: warning: 'PACKAGE' macro redefined [-Wmacro-redefined]
#define PACKAGE "gap"
        ^
conftest.c:8:9: note: previous definition is here
#define PACKAGE "deconvolute"
        ^
conftest.c:11:9: warning: 'VERSION' macro redefined [-Wmacro-redefined]
#define VERSION "0.1"
        ^
conftest.c:9:9: note: previous definition is here
#define VERSION "1.0"
        ^
conftest.c:12:9: warning: 'PACKAGE' macro redefined [-Wmacro-redefined]
#define PACKAGE "fsmelt"
        ^
conftest.c:10:9: note: previous definition is here
#define PACKAGE "gap"
        ^
conftest.c:14:9: warning: 'PACKAGE' macro redefined [-Wmacro-redefined]
#define PACKAGE "map_to_sf"
        ^
conftest.c:12:9: note: previous definition is here
#define PACKAGE "fsmelt"
        ^
4 warnings generated.
configure:6088: $? = 0
configure:6088: result: yes
configure:6102: checking for unistd.h
configure:6102: result: yes
configure:6118: result: CCP4IO directory has been found
configure:6128: result: CCTBX directory has been found
configure:6135: checking for stdbool.h that conforms to C99
configure:6202: gcc -c -g -O2   -I/Users/helenginn/Library/phenix-source/build/include -I/Users/helenginn/Library/phenix-source/build/../modules/ccp4io/libccp4/ccp4 -I/Users/helenginn/Library/phenix-source/build/../modules/cctbx_project/cctbx/../ conftest.c >&5
conftest.c:10:9: warning: 'PACKAGE' macro redefined [-Wmacro-redefined]
#define PACKAGE "gap"
        ^
conftest.c:8:9: note: previous definition is here
#define PACKAGE "deconvolute"
        ^
conftest.c:11:9: warning: 'VERSION' macro redefined [-Wmacro-redefined]
#define VERSION "0.1"
        ^
conftest.c:9:9: note: previous definition is here
#define VERSION "1.0"
        ^
conftest.c:12:9: warning: 'PACKAGE' macro redefined [-Wmacro-redefined]
#define PACKAGE "fsmelt"
        ^
conftest.c:10:9: note: previous definition is here
#define PACKAGE "gap"
        ^
conftest.c:14:9: warning: 'PACKAGE' macro redefined [-Wmacro-redefined]
#define PACKAGE "map_to_sf"
        ^
conftest.c:12:9: note: previous definition is here
#define PACKAGE "fsmelt"
        ^
conftest.c:77:24: warning: address of 's' will always evaluate to 'true' [-Wpointer-bool-conversion]
             bool e = &s;
                  ~    ^
5 warnings generated.
configure:6202: $? = 0
configure:6209: result: yes
configure:6211: checking for _Bool
configure:6211: gcc -c -g -O2   -I/Users/helenginn/Library/phenix-source/build/include -I/Users/helenginn/Library/phenix-source/build/../modules/ccp4io/libccp4/ccp4 -I/Users/helenginn/Library/phenix-source/build/../modules/cctbx_project/cctbx/../ conftest.c >&5
conftest.c:10:9: warning: 'PACKAGE' macro redefined [-Wmacro-redefined]
#define PACKAGE "gap"
        ^
conftest.c:8:9: note: previous definition is here
#define PACKAGE "deconvolute"
        ^
conftest.c:11:9: warning: 'VERSION' macro redefined [-Wmacro-redefined]
#define VERSION "0.1"
        ^
conftest.c:9:9: note: previous definition is here
#define VERSION "1.0"
        ^
conftest.c:12:9: warning: 'PACKAGE' macro redefined [-Wmacro-redefined]
#define PACKAGE "fsmelt"
        ^
conftest.c:10:9: note: previous definition is here
#define PACKAGE "gap"
        ^
conftest.c:14:9: warning: 'PACKAGE' macro redefined [-Wmacro-redefined]
#define PACKAGE "map_to_sf"
        ^
conftest.c:12:9: note: previous definition is here
#define PACKAGE "fsmelt"
        ^
4 warnings generated.
configure:6211: $? = 0
configure:6211: gcc -c -g -O2   -I/Users/helenginn/Library/phenix-source/build/include -I/Users/helenginn/Library/phenix-source/build/../modules/ccp4io/libccp4/ccp4 -I/Users/helenginn/Library/phenix-source/build/../modules/cctbx_project/cctbx/../ conftest.c >&5
conftest.c:10:9: warning: 'PACKAGE' macro redefined [-Wmacro-redefined]
#define PACKAGE "gap"
        ^
conftest.c:8:9: note: previous definition is here
#define PACKAGE "deconvolute"
        ^
conftest.c:11:9: warning: 'VERSION' macro redefined [-Wmacro-redefined]
#define VERSION "0.1"
        ^
conftest.c:9:9: note: previous definition is here
#define VERSION "1.0"
        ^
conftest.c:12:9: warning: 'PACKAGE' macro redefined [-Wmacro-redefined]
#define PACKAGE "fsmelt"
        ^
conftest.c:10:9: note: previous definition is here
#define PACKAGE "gap"
        ^
conftest.c:14:9: warning: 'PACKAGE' macro redefined [-Wmacro-redefined]
#define PACKAGE "map_to_sf"
        ^
conftest.c:12:9: note: previous definition is here
#define PACKAGE "fsmelt"
        ^
conftest.c:64:20: error: expected expression
if (sizeof ((_Bool)))
                   ^
4 warnings and 1 error generated.
configure:6211: $? = 1
configure: failed program was:
| /* confdefs.h */
| #define PACKAGE_NAME "deconvolute"
| #define PACKAGE_TARNAME "deconvolute"
| #define PACKAGE_VERSION "1.0"
| #define PACKAGE_STRING "deconvolute 1.0"
| #define PACKAGE_BUGREPORT "helen@strubi.ox.ac.uk"
| #define PACKAGE_URL ""
| #define PACKAGE "deconvolute"
| #define VERSION "1.0"
| #define PACKAGE "gap"
| #define VERSION "0.1"
| #define PACKAGE "fsmelt"
| #define VERSION "0.1"
| #define PACKAGE "map_to_sf"
| #define VERSION "0.1"
| #define STDC_HEADERS 1
| #define HAVE_SYS_TYPES_H 1
| #define HAVE_SYS_STAT_H 1
| #define HAVE_STDLIB_H 1
| #define HAVE_STRING_H 1
| #define HAVE_MEMORY_H 1
| #define HAVE_STRINGS_H 1
| #define HAVE_INTTYPES_H 1
| #define HAVE_STDINT_H 1
| #define HAVE_UNISTD_H 1
| #define HAVE_UNISTD_H 1
| /* end confdefs.h.  */
| #include <stdio.h>
| #ifdef HAVE_SYS_TYPES_H
| # include <sys/types.h>
| #endif
| #ifdef HAVE_SYS_STAT_H
| # include <sys/stat.h>
| #endif
| #ifdef STDC_HEADERS
| # include <stdlib.h>
| # include <stddef.h>
| #else
| # ifdef HAVE_STDLIB_H
| #  include <stdlib.h>
| # endif
| #endif
| #ifdef HAVE_STRING_H
| # if !defined STDC_HEADERS && defined HAVE_MEMORY_H
| #  include <memory.h>
| # endif
| # include <string.h>
| #endif
| #ifdef HAVE_STRINGS_H
| # include <strings.h>
| #endif
| #ifdef HAVE_INTTYPES_H
| # include <inttypes.h>
| #endif
| #ifdef HAVE_STDINT_H
| # include <stdint.h>
| #endif
| #ifdef HAVE_UNISTD_H
| # include <unistd.h>
| #endif
| int
| main ()
| {
| if (sizeof ((_Bool)))
| 	    return 0;
|   ;
|   return 0;
| }
configure:6211: result: yes
configure:6222: checking for size_t
configure:6222: gcc -c -g -O2   -I/Users/helenginn/Library/phenix-source/build/include -I/Users/helenginn/Library/phenix-source/build/../modules/ccp4io/libccp4/ccp4 -I/Users/helenginn/Library/phenix-source/build/../modules/cctbx_project/cctbx/../ conftest.c >&5
conftest.c:10:9: warning: 'PACKAGE' macro redefined [-Wmacro-redefined]
#define PACKAGE "gap"
        ^
conftest.c:8:9: note: previous definition is here
#define PACKAGE "deconvolute"
        ^
conftest.c:11:9: warning: 'VERSION' macro redefined [-Wmacro-redefined]
#define VERSION "0.1"
        ^
conftest.c:9:9: note: previous definition is here
#define VERSION "1.0"
        ^
conftest.c:12:9: warning: 'PACKAGE' macro redefined [-Wmacro-redefined]
#define PACKAGE "fsmelt"
        ^
conftest.c:10:9: note: previous definition is here
#define PACKAGE "gap"
        ^
conftest.c:14:9: warning: 'PACKAGE' macro redefined [-Wmacro-redefined]
#define PACKAGE "map_to_sf"
        ^
conftest.c:12:9: note: previous definition is here
#define PACKAGE "fsmelt"
        ^
4 warnings generated.
configure:6222: $? = 0
configure:6222: gcc -c -g -O2   -I/Users/helenginn/Library/phenix-source/build/include -I/Users/helenginn/Library/phenix-source/build/../modules/ccp4io/libccp4/ccp4 -I/Users/helenginn/Library/phenix-source/build/../modules/cctbx_project/cctbx/../ conftest.c >&5
conftest.c:10:9: warning: 'PACKAGE' macro redefined [-Wmacro-redefined]
#define PACKAGE "gap"
        ^
conftest.c:8:9: note: previous definition is here
#define PACKAGE "deconvolute"
        ^
conftest.c:11:9: warning: 'VERSION' macro redefined [-Wmacro-redefined]
#define VERSION "0.1"
        ^
conftest.c:9:9: note: previous definition is here
#define VERSION "1.0"
        ^
conftest.c:12:9: warning: 'PACKAGE' macro redefined [-Wmacro-redefined]
#define PACKAGE "fsmelt"
        ^
conftest.c:10:9: note: previous definition is here
#define PACKAGE "gap"
        ^
conftest.c:14:9: warning: 'PACKAGE' macro redefined [-Wmacro-redefined]
#define PACKAGE "map_to_sf"
        ^
conftest.c:12:9: note: previous definition is here
#define PACKAGE "fsmelt"
        ^
conftest.c:65:21: error: expected expression
if (sizeof ((size_t)))
                    ^
4 warnings and 1 error generated.
configure:6222: $? = 1
configure: failed program was:
| /* confdefs.h */
| #define PACKAGE_NAME "deconvolute"
| #define PACKAGE_TARNAME "deconvolute"
| #define PACKAGE_VERSION "1.0"
| #define PACKAGE_STRING "deconvolute 1.0"
| #define PACKAGE_BUGREPORT "helen@strubi.ox.ac.uk"
| #define PACKAGE_URL ""
| #define PACKAGE "deconvolute"
| #define VERSION "1.0"
| #define PACKAGE "gap"
| #define VERSION "0.1"
| #define PACKAGE "fsmelt"
| #define VERSION "0.1"
| #define PACKAGE "map_to_sf"
| #define VERSION "0.1"
| #define STDC_HEADERS 1
| #define HAVE_SYS_TYPES_H 1
| #define HAVE_SYS_STAT_H 1
| #define HAVE_STDLIB_H 1
| #define HAVE_STRING_H 1
| #define HAVE_MEMORY_H 1
| #define HAVE_STRINGS_H 1
| #define HAVE_INTTYPES_H 1
| #define HAVE_STDINT_H 1
| #define HAVE_UNISTD_H 1
| #define HAVE_UNISTD_H 1
| #define HAVE__BOOL 1
| /* end confdefs.h.  */
| #include <stdio.h>
| #ifdef HAVE_SYS_TYPES_H
| # include <sys/types.h>
| #endif
| #ifdef HAVE_SYS_STAT_H
| # include <sys/stat.h>
| #endif
| #ifdef STDC_HEADERS
| # include <stdlib.h>
| # include <stddef.h>
| #else
| # ifdef HAVE_STDLIB_H
| #  include <stdlib.h>
| # endif
| #endif
| #ifdef HAVE_STRING_H
| # if !defined STDC_HEADERS && defined HAVE_MEMORY_H
| #  include <memory.h>
| # endif
| # include <string.h>
| #endif
| #ifdef HAVE_STRINGS_H
| # include <strings.h>
| #endif
| #ifdef HAVE_INTTYPES_H
| # include <inttypes.h>
| #endif
| #ifdef HAVE_STDINT_H
| # include <stdint.h>
| #endif
| #ifdef HAVE_UNISTD_H
| # include <unistd.h>
| #endif
| int
| main ()
| {
| if (sizeof ((size_t)))
| 	    return 0;
|   ;
|   return 0;
| }
configure:6222: result: yes
configure:6276: checking for ranlib
configure:6292: found /Applications/Xcode.app/Contents/Developer/Toolchains/XcodeDefault.xctoolchain/usr/bin//ranlib
configure:6303: result: ranlib
configure:6378: checking for g77
configure:6408: result: no
configure:6378: checking for xlf
configure:6408: result: no
configure:6378: checking for f77
configure:6408: result: no
configure:6378: checking for frt
configure:6408: result: no
configure:6378: checking for pgf77
configure:6408: result: no
configure:6378: checking for cf77
configure:6408: result: no
configure:6378: checking for fort77
configure:6408: result: no
configure:6378: checking for fl32
configure:6408: result: no
configure:6378: checking for af77
configure:6408: result: no
configure:6378: checking for xlf90
configure:6408: result: no
configure:6378: checking for f90
configure:6408: result: no
configure:6378: checking for pgf90
configure:6408: result: no
configure:6378: checking for pghpf
configure:6408: result: no
configure:6378: checking for epcf90
configure:6408: result: no
configure:6378: checking for gfortran
configure:6394: found /usr/local/bin/gfortran
configure:6405: result: gfortran
configure:6431: checking for Fortran 77 compiler version
configure:6440: gfortran --version >&5
GNU Fortran (GCC) 5.1.0
Copyright (C) 2015 Free Software Foundation, Inc.

GNU Fortran comes with NO WARRANTY, to the extent permitted by law.
You may redistribute copies of GNU Fortran
under the terms of the GNU General Public License.
For more information about these matters, see the file named COPYING

configure:6451: $? = 0
configure:6440: gfortran -v >&5
Using built-in specs.
COLLECT_GCC=gfortran
COLLECT_LTO_WRAPPER=/usr/local/gfortran/libexec/gcc/x86_64-apple-darwin14/5.1.0/lto-wrapper
Target: x86_64-apple-darwin14
Configured with: ../gcc-5.1.0/configure --prefix=/usr/local/gfortran --with-gmp=/Users/fx/devel/gcc/deps-static/x86_64 --enable-languages=c,c++,fortran,objc,obj-c++ --build=x86_64-apple-darwin14
Thread model: posix
gcc version 5.1.0 (GCC) 
configure:6451: $? = 0
configure:6440: gfortran -V >&5
gfortran: error: unrecognized command line option '-V'
gfortran: fatal error: no input files
compilation terminated.
configure:6451: $? = 1
configure:6440: gfortran -qversion >&5
gfortran: error: unrecognized command line option '-qversion'
gfortran: fatal error: no input files
compilation terminated.
configure:6451: $? = 1
configure:6460: checking whether we are using the GNU Fortran 77 compiler
configure:6473: gfortran -c  conftest.F >&5
configure:6473: $? = 0
configure:6482: result: yes
configure:6488: checking whether gfortran accepts -g
configure:6499: gfortran -c -g conftest.f >&5
configure:6499: $? = 0
configure:6507: result: yes
configure:6589: checking for gfortran
configure:6605: found /usr/local/bin/gfortran
configure:6616: result: gfortran
configure:6642: checking for Fortran compiler version
configure:6651: gfortran --version >&5
GNU Fortran (GCC) 5.1.0
Copyright (C) 2015 Free Software Foundation, Inc.

GNU Fortran comes with NO WARRANTY, to the extent permitted by law.
You may redistribute copies of GNU Fortran
under the terms of the GNU General Public License.
For more information about these matters, see the file named COPYING

configure:6662: $? = 0
configure:6651: gfortran -v >&5
Using built-in specs.
COLLECT_GCC=gfortran
COLLECT_LTO_WRAPPER=/usr/local/gfortran/libexec/gcc/x86_64-apple-darwin14/5.1.0/lto-wrapper
Target: x86_64-apple-darwin14
Configured with: ../gcc-5.1.0/configure --prefix=/usr/local/gfortran --with-gmp=/Users/fx/devel/gcc/deps-static/x86_64 --enable-languages=c,c++,fortran,objc,obj-c++ --build=x86_64-apple-darwin14
Thread model: posix
gcc version 5.1.0 (GCC) 
configure:6662: $? = 0
configure:6651: gfortran -V >&5
gfortran: error: unrecognized command line option '-V'
gfortran: fatal error: no input files
compilation terminated.
configure:6662: $? = 1
configure:6651: gfortran -qversion >&5
gfortran: error: unrecognized command line option '-qversion'
gfortran: fatal error: no input files
compilation terminated.
configure:6662: $? = 1
configure:6671: checking whether we are using the GNU Fortran compiler
configure:6684: gfortran -c   conftest.F >&5
configure:6684: $? = 0
configure:6693: result: yes
configure:6699: checking whether gfortran accepts -g
configure:6710: gfortran -c -g  conftest.f >&5
configure:6710: $? = 0
configure:6718: result: yes
configure:6756: checking for stdlib.h
configure:6756: result: yes
configure:6766: checking for GNU libc compatible malloc
configure:6790: gcc -o conftest -g -O2   -I/Users/helenginn/Library/phenix-source/build/include -I/Users/helenginn/Library/phenix-source/build/../modules/ccp4io/libccp4/ccp4 -I/Users/helenginn/Library/phenix-source/build/../modules/cctbx_project/cctbx/../   -L/Users/helenginn/Library/phenix-source/build/lib conftest.c  >&5
conftest.c:10:9: warning: 'PACKAGE' macro redefined [-Wmacro-redefined]
#define PACKAGE "gap"
        ^
conftest.c:8:9: note: previous definition is here
#define PACKAGE "deconvolute"
        ^
conftest.c:11:9: warning: 'VERSION' macro redefined [-Wmacro-redefined]
#define VERSION "0.1"
        ^
conftest.c:9:9: note: previous definition is here
#define VERSION "1.0"
        ^
conftest.c:12:9: warning: 'PACKAGE' macro redefined [-Wmacro-redefined]
#define PACKAGE "fsmelt"
        ^
conftest.c:10:9: note: previous definition is here
#define PACKAGE "gap"
        ^
conftest.c:14:9: warning: 'PACKAGE' macro redefined [-Wmacro-redefined]
#define PACKAGE "map_to_sf"
        ^
conftest.c:12:9: note: previous definition is here
#define PACKAGE "fsmelt"
        ^
4 warnings generated.
configure:6790: $? = 0
configure:6790: ./conftest
configure:6790: $? = 0
configure:6800: result: yes
configure:6824: checking for memset
configure:6824: gcc -o conftest -g -O2   -I/Users/helenginn/Library/phenix-source/build/include -I/Users/helenginn/Library/phenix-source/build/../modules/ccp4io/libccp4/ccp4 -I/Users/helenginn/Library/phenix-source/build/../modules/cctbx_project/cctbx/../   -L/Users/helenginn/Library/phenix-source/build/lib conftest.c  >&5
conftest.c:10:9: warning: 'PACKAGE' macro redefined [-Wmacro-redefined]
#define PACKAGE "gap"
        ^
conftest.c:8:9: note: previous definition is here
#define PACKAGE "deconvolute"
        ^
conftest.c:11:9: warning: 'VERSION' macro redefined [-Wmacro-redefined]
#define VERSION "0.1"
        ^
conftest.c:9:9: note: previous definition is here
#define VERSION "1.0"
        ^
conftest.c:12:9: warning: 'PACKAGE' macro redefined [-Wmacro-redefined]
#define PACKAGE "fsmelt"
        ^
conftest.c:10:9: note: previous definition is here
#define PACKAGE "gap"
        ^
conftest.c:14:9: warning: 'PACKAGE' macro redefined [-Wmacro-redefined]
#define PACKAGE "map_to_sf"
        ^
conftest.c:12:9: note: previous definition is here
#define PACKAGE "fsmelt"
        ^
conftest.c:54:6: warning: incompatible redeclaration of library function 'memset' [-Wincompatible-library-redeclaration]
char memset ();
     ^
conftest.c:54:6: note: 'memset' is a builtin with type 'void *(void *, int, unsigned long)'
5 warnings generated.
configure:6824: $? = 0
configure:6824: result: yes
configure:6824: checking for pow
configure:6824: gcc -o conftest -g -O2   -I/Users/helenginn/Library/phenix-source/build/include -I/Users/helenginn/Library/phenix-source/build/../modules/ccp4io/libccp4/ccp4 -I/Users/helenginn/Library/phenix-source/build/../modules/cctbx_project/cctbx/../   -L/Users/helenginn/Library/phenix-source/build/lib conftest.c  >&5
conftest.c:10:9: warning: 'PACKAGE' macro redefined [-Wmacro-redefined]
#define PACKAGE "gap"
        ^
conftest.c:8:9: note: previous definition is here
#define PACKAGE "deconvolute"
        ^
conftest.c:11:9: warning: 'VERSION' macro redefined [-Wmacro-redefined]
#define VERSION "0.1"
        ^
conftest.c:9:9: note: previous definition is here
#define VERSION "1.0"
        ^
conftest.c:12:9: warning: 'PACKAGE' macro redefined [-Wmacro-redefined]
#define PACKAGE "fsmelt"
        ^
conftest.c:10:9: note: previous definition is here
#define PACKAGE "gap"
        ^
conftest.c:14:9: warning: 'PACKAGE' macro redefined [-Wmacro-redefined]
#define PACKAGE "map_to_sf"
        ^
conftest.c:12:9: note: previous definition is here
#define PACKAGE "fsmelt"
        ^
conftest.c:55:6: warning: incompatible redeclaration of library function 'pow' [-Wincompatible-library-redeclaration]
char pow ();
     ^
conftest.c:55:6: note: 'pow' is a builtin with type 'double (double, double)'
5 warnings generated.
configure:6824: $? = 0
configure:6824: result: yes
configure:6824: checking for sqrt
configure:6824: gcc -o conftest -g -O2   -I/Users/helenginn/Library/phenix-source/build/include -I/Users/helenginn/Library/phenix-source/build/../modules/ccp4io/libccp4/ccp4 -I/Users/helenginn/Library/phenix-source/build/../modules/cctbx_project/cctbx/../   -L/Users/helenginn/Library/phenix-source/build/lib conftest.c  >&5
conftest.c:10:9: warning: 'PACKAGE' macro redefined [-Wmacro-redefined]
#define PACKAGE "gap"
        ^
conftest.c:8:9: note: previous definition is here
#define PACKAGE "deconvolute"
        ^
conftest.c:11:9: warning: 'VERSION' macro redefined [-Wmacro-redefined]
#define VERSION "0.1"
        ^
conftest.c:9:9: note: previous definition is here
#define VERSION "1.0"
        ^
conftest.c:12:9: warning: 'PACKAGE' macro redefined [-Wmacro-redefined]
#define PACKAGE "fsmelt"
        ^
conftest.c:10:9: note: previous definition is here
#define PACKAGE "gap"
        ^
conftest.c:14:9: warning: 'PACKAGE' macro redefined [-Wmacro-redefined]
#define PACKAGE "map_to_sf"
        ^
conftest.c:12:9: note: previous definition is here
#define PACKAGE "fsmelt"
        ^
conftest.c:56:6: warning: incompatible redeclaration of library function 'sqrt' [-Wincompatible-library-redeclaration]
char sqrt ();
     ^
conftest.c:56:6: note: 'sqrt' is a builtin with type 'double (double)'
5 warnings generated.
configure:6824: $? = 0
configure:6824: result: yes
configure:6824: checking for strerror
configure:6824: gcc -o conftest -g -O2   -I/Users/helenginn/Library/phenix-source/build/include -I/Users/helenginn/Library/phenix-source/build/../modules/ccp4io/libccp4/ccp4 -I/Users/helenginn/Library/phenix-source/build/../modules/cctbx_project/cctbx/../   -L/Users/helenginn/Library/phenix-source/build/lib conftest.c  >&5
conftest.c:10:9: warning: 'PACKAGE' macro redefined [-Wmacro-redefined]
#define PACKAGE "gap"
        ^
conftest.c:8:9: note: previous definition is here
#define PACKAGE "deconvolute"
        ^
conftest.c:11:9: warning: 'VERSION' macro redefined [-Wmacro-redefined]
#define VERSION "0.1"
        ^
conftest.c:9:9: note: previous definition is here
#define VERSION "1.0"
        ^
conftest.c:12:9: warning: 'PACKAGE' macro redefined [-Wmacro-redefined]
#define PACKAGE "fsmelt"
        ^
conftest.c:10:9: note: previous definition is here
#define PACKAGE "gap"
        ^
conftest.c:14:9: warning: 'PACKAGE' macro redefined [-Wmacro-redefined]
#define PACKAGE "map_to_sf"
        ^
conftest.c:12:9: note: previous definition is here
#define PACKAGE "fsmelt"
        ^
conftest.c:57:6: warning: incompatible redeclaration of library function 'strerror' [-Wincompatible-library-redeclaration]
char strerror ();
     ^
conftest.c:57:6: note: 'strerror' is a builtin with type 'char *(int)'
5 warnings generated.
configure:6824: $? = 0
configure:6824: result: yes
configure:6839: checking size of int *
configure:6844: gcc -o conftest -g -O2   -I/Users/helenginn/Library/phenix-source/build/include -I/Users/helenginn/Library/phenix-source/build/../modules/ccp4io/libccp4/ccp4 -I/Users/helenginn/Library/phenix-source/build/../modules/cctbx_project/cctbx/../   -L/Users/helenginn/Library/phenix-source/build/lib conftest.c  >&5
conftest.c:10:9: warning: 'PACKAGE' macro redefined [-Wmacro-redefined]
#define PACKAGE "gap"
        ^
conftest.c:8:9: note: previous definition is here
#define PACKAGE "deconvolute"
        ^
conftest.c:11:9: warning: 'VERSION' macro redefined [-Wmacro-redefined]
#define VERSION "0.1"
        ^
conftest.c:9:9: note: previous definition is here
#define VERSION "1.0"
        ^
conftest.c:12:9: warning: 'PACKAGE' macro redefined [-Wmacro-redefined]
#define PACKAGE "fsmelt"
        ^
conftest.c:10:9: note: previous definition is here
#define PACKAGE "gap"
        ^
conftest.c:14:9: warning: 'PACKAGE' macro redefined [-Wmacro-redefined]
#define PACKAGE "map_to_sf"
        ^
conftest.c:12:9: note: previous definition is here
#define PACKAGE "fsmelt"
        ^
4 warnings generated.
configure:6844: $? = 0
configure:6844: ./conftest
configure:6844: $? = 0
configure:6858: result: 8
configure:6876: result: Configuring GAP for 64-bit operating system
configure:6994: checking that generated files are newer than configure
configure:7000: result: done
configure:7075: creating ./config.status

## ---------------------- ##
## Running config.status. ##
## ---------------------- ##

This file was extended by deconvolute config.status 1.0, which was
generated by GNU Autoconf 2.69.  Invocation command line was

  CONFIG_FILES    = 
  CONFIG_HEADERS  = 
  CONFIG_LINKS    = 
  CONFIG_COMMANDS = 
  $ ./config.status 

on Helens-MacBook-Pro.local

config.status:887: creating Makefile
config.status:887: creating src/Makefile
config.status:887: creating gapsrc/Makefile
config.status:887: creating fsmelt/Makefile
config.status:887: creating map_to_sfsrc/Makefile
config.status:887: creating config.h
config.status:1068: config.h is unchanged
config.status:1116: executing depfiles commands
configure:8461: === configuring in libccp4 (/Users/helenginn/deconvolute/libccp4)
configure:8524: running /bin/sh ./configure --disable-option-checking '--prefix=/usr/local'  --cache-file=/dev/null --srcdir=.

## ---------------- ##
## Cache variables. ##
## ---------------- ##

ac_cv_c_compiler_gnu=yes
ac_cv_cxx_compiler_gnu=yes
ac_cv_env_CCC_set=
ac_cv_env_CCC_value=
ac_cv_env_CC_set=
ac_cv_env_CC_value=
ac_cv_env_CFLAGS_set=
ac_cv_env_CFLAGS_value=
ac_cv_env_CPPFLAGS_set=
ac_cv_env_CPPFLAGS_value=
ac_cv_env_CPP_set=
ac_cv_env_CPP_value=
ac_cv_env_CXXFLAGS_set=
ac_cv_env_CXXFLAGS_value=
ac_cv_env_CXX_set=
ac_cv_env_CXX_value=
ac_cv_env_F77_set=
ac_cv_env_F77_value=
ac_cv_env_FCFLAGS_set=
ac_cv_env_FCFLAGS_value=
ac_cv_env_FC_set=
ac_cv_env_FC_value=
ac_cv_env_FFLAGS_set=
ac_cv_env_FFLAGS_value=
ac_cv_env_LDFLAGS_set=
ac_cv_env_LDFLAGS_value=
ac_cv_env_LIBS_set=
ac_cv_env_LIBS_value=
ac_cv_env_build_alias_set=
ac_cv_env_build_alias_value=
ac_cv_env_host_alias_set=
ac_cv_env_host_alias_value=
ac_cv_env_target_alias_set=
ac_cv_env_target_alias_value=
ac_cv_f77_compiler_gnu=yes
ac_cv_fc_compiler_gnu=yes
ac_cv_func_malloc_0_nonnull=yes
ac_cv_func_memset=yes
ac_cv_func_pow=yes
ac_cv_func_sqrt=yes
ac_cv_func_strerror=yes
ac_cv_header_inttypes_h=yes
ac_cv_header_memory_h=yes
ac_cv_header_stdbool_h=yes
ac_cv_header_stdc=yes
ac_cv_header_stdint_h=yes
ac_cv_header_stdlib_h=yes
ac_cv_header_string_h=yes
ac_cv_header_strings_h=yes
ac_cv_header_sys_stat_h=yes
ac_cv_header_sys_types_h=yes
ac_cv_header_unistd_h=yes
ac_cv_objext=o
ac_cv_path_EGREP='/usr/bin/grep -E'
ac_cv_path_GREP=/usr/bin/grep
ac_cv_path_install='/usr/bin/install -c'
ac_cv_prog_AWK=awk
ac_cv_prog_CPP='gcc -E'
ac_cv_prog_ac_ct_CC=gcc
ac_cv_prog_ac_ct_CXX=g++
ac_cv_prog_ac_ct_F77=gfortran
ac_cv_prog_ac_ct_FC=gfortran
ac_cv_prog_ac_ct_RANLIB=ranlib
ac_cv_prog_cc_c89=
ac_cv_prog_cc_g=yes
ac_cv_prog_cxx_g=yes
ac_cv_prog_f77_g=yes
ac_cv_prog_fc_g=yes
ac_cv_prog_make_make_set=yes
ac_cv_sizeof_int_p=8
ac_cv_type__Bool=yes
ac_cv_type_size_t=yes
am_cv_CC_dependencies_compiler_type=gcc3
am_cv_CXX_dependencies_compiler_type=gcc3
am_cv_make_support_nested_variables=yes
am_cv_prog_cc_c_o=yes

## ----------------- ##
## Output variables. ##
## ----------------- ##

ACLOCAL='${SHELL} /Users/helenginn/deconvolute/missing aclocal-1.15'
AMDEPBACKSLASH='\'
AMDEP_FALSE='#'
AMDEP_TRUE=''
AMTAR='$${TAR-tar}'
AM_BACKSLASH='\'
AM_DEFAULT_V='$(AM_DEFAULT_VERBOSITY)'
AM_DEFAULT_VERBOSITY='1'
AM_V='$(V)'
AUTOCONF='${SHELL} /Users/helenginn/deconvolute/missing autoconf'
AUTOHEADER='${SHELL} /Users/helenginn/deconvolute/missing autoheader'
AUTOMAKE='${SHELL} /Users/helenginn/deconvolute/missing automake-1.15'
AWK='awk'
CC='gcc'
CCDEPMODE='depmode=gcc3'
CFLAGS='-g -O2'
CPP='gcc -E'
CPPFLAGS='  -I/Users/helenginn/Library/phenix-source/build/include -I/Users/helenginn/Library/phenix-source/build/../modules/ccp4io/libccp4/ccp4 -I/Users/helenginn/Library/phenix-source/build/../modules/cctbx_project/cctbx/../'
CXX='g++'
CXXDEPMODE='depmode=gcc3'
CXXFLAGS='-g -O2'
CYGPATH_W='echo'
DEFS='-DHAVE_CONFIG_H'
DEPDIR='.deps'
ECHO_C='\c'
ECHO_N=''
ECHO_T=''
EGREP='/usr/bin/grep -E'
EXEEXT=''
F77='gfortran'
FC='gfortran'
FCFLAGS='-g -O2'
FFLAGS='-g -O2'
GREP='/usr/bin/grep'
INSTALL_DATA='${INSTALL} -m 644'
INSTALL_PROGRAM='${INSTALL}'
INSTALL_SCRIPT='${INSTALL}'
INSTALL_STRIP_PROGRAM='$(install_sh) -c -s'
LDFLAGS='  -L/Users/helenginn/Library/phenix-source/build/lib'
LIBOBJS=''
LIBS=''
LTLIBOBJS=''
MAKEINFO='${SHELL} /Users/helenginn/deconvolute/missing makeinfo'
MKDIR_P='./install-sh -c -d'
OBJEXT='o'
PACKAGE='deconvolute'
PACKAGE_BUGREPORT='helen@strubi.ox.ac.uk'
PACKAGE_NAME='deconvolute'
PACKAGE_STRING='deconvolute 1.0'
PACKAGE_TARNAME='deconvolute'
PACKAGE_URL=''
PACKAGE_VERSION='1.0'
PATH_SEPARATOR=':'
RANLIB='ranlib'
SET_MAKE=''
SHELL='/bin/sh'
STRIP=''
VERSION='1.0'
ac_ct_CC='gcc'
ac_ct_CXX='g++'
ac_ct_F77='gfortran'
ac_ct_FC='gfortran'
am__EXEEXT_FALSE=''
am__EXEEXT_TRUE='#'
am__fastdepCC_FALSE='#'
am__fastdepCC_TRUE=''
am__fastdepCXX_FALSE='#'
am__fastdepCXX_TRUE=''
am__include='include'
am__isrc=''
am__leading_dot='.'
am__nodep='_no'
am__quote=''
am__tar='$${TAR-tar} chof - "$$tardir"'
am__untar='$${TAR-tar} xf -'
bindir='${exec_prefix}/bin'
build_alias=''
datadir='${datarootdir}'
datarootdir='${prefix}/share'
docdir='${datarootdir}/doc/${PACKAGE_TARNAME}'
dvidir='${docdir}'
exec_prefix='${prefix}'
host_alias=''
htmldir='${docdir}'
includedir='${prefix}/include'
infodir='${datarootdir}/info'
install_sh='${SHELL} /Users/helenginn/deconvolute/install-sh'
libdir='${exec_prefix}/lib'
libexecdir='${exec_prefix}/libexec'
localedir='${datarootdir}/locale'
localstatedir='${prefix}/var'
mandir='${datarootdir}/man'
mkdir_p='$(MKDIR_P)'
oldincludedir='/usr/include'
pdfdir='${docdir}'
prefix='/usr/local'
program_transform_name='s,x,x,'
psdir='${docdir}'
sbindir='${exec_prefix}/sbin'
sharedstatedir='${prefix}/com'
subdirs=' libccp4'
sysconfdir='${prefix}/etc'
target='linux64'
target_alias=''

## ----------- ##
## confdefs.h. ##
## ----------- ##

/* confdefs.h */
#define PACKAGE_NAME "deconvolute"
#define PACKAGE_TARNAME "deconvolute"
#define PACKAGE_VERSION "1.0"
#define PACKAGE_STRING "deconvolute 1.0"
#define PACKAGE_BUGREPORT "helen@strubi.ox.ac.uk"
#define PACKAGE_URL ""
#define PACKAGE "deconvolute"
#define VERSION "1.0"
#define PACKAGE "gap"
#define VERSION "0.1"
#define PACKAGE "fsmelt"
#define VERSION "0.1"
#define PACKAGE "map_to_sf"
#define VERSION "0.1"
#define STDC_HEADERS 1
#define HAVE_SYS_TYPES_H 1
#define HAVE_SYS_STAT_H 1
#define HAVE_STDLIB_H 1
#define HAVE_STRING_H 1
#define HAVE_MEMORY_H 1
#define HAVE_STRINGS_H 1
#define HAVE_INTTYPES_H 1
#define HAVE_STDINT_H 1
#define HAVE_UNISTD_H 1
#define HAVE_UNISTD_H 1
#define HAVE__BOOL 1
#define HAVE_STDLIB_H 1
#define HAVE_MALLOC 1
#define HAVE_MEMSET 1
#define HAVE_POW 1
#define HAVE_SQRT 1
#define HAVE_STRERROR 1
#define SIZEOF_INT_P 8

configure: exit 0
