This file contains any messages produced by compilers while
running configure, to aid debugging if configure makes a mistake.

It was created by libccp4 configure 6.4.0, which was
generated by GNU Autoconf 2.69.  Invocation command line was

  $ ./configure --disable-option-checking --prefix=/usr/local --cache-file=/dev/null --srcdir=.

## --------- ##
## Platform. ##
## --------- ##

hostname = Helens-MacBook-Pro.local
uname -m = x86_64
uname -r = 14.0.0
uname -s = Darwin
uname -v = Darwin Kernel Version 14.0.0: Fri Sep 19 00:26:44 PDT 2014; root:xnu-2782.1.97~2/RELEASE_X86_64

/usr/bin/uname -p = i386
/bin/uname -X     = unknown

/bin/arch              = unknown
/usr/bin/arch -k       = unknown
/usr/convex/getsysinfo = unknown
/usr/bin/hostinfo      = Mach kernel version:
	 Darwin Kernel Version 14.0.0: Fri Sep 19 00:26:44 PDT 2014; root:xnu-2782.1.97~2/RELEASE_X86_64
Kernel configured for up to 8 processors.
4 processors are physically available.
8 processors are logically available.
Processor type: x86_64h (Intel x86-64h Haswell)
Processors active: 0 1 2 3 4 5 6 7
Primary memory available: 16.00 gigabytes
Default processor set: 240 tasks, 1133 threads, 8 processors
Load average: 4.20, Mach factor: 3.79
/bin/machine           = unknown
/usr/bin/oslevel       = unknown
/bin/universe          = unknown

PATH: /Users/helenginn/Library/phenix-source/build/bin
PATH: /usr/local/bin
PATH: /Applications/Xcode.app/Contents/Developer/Toolchains/XcodeDefault.xctoolchain/usr/bin/
PATH: /Applications/ccp4-6.4.0/bin
PATH: /Applications/ccp4-6.4.0/etc
PATH: /usr/bin
PATH: /bin
PATH: /usr/sbin
PATH: /sbin
PATH: /opt/X11/bin
PATH: /usr/texbin
PATH: /Applications/ccp4-6.4.0/share/xia2/Applications


## ----------- ##
## Core tests. ##
## ----------- ##

configure:2403: checking for a BSD-compatible install
configure:2471: result: /usr/bin/install -c
configure:2482: checking whether build environment is sane
configure:2537: result: yes
configure:2688: checking for a thread-safe mkdir -p
configure:2727: result: build-aux/install-sh -c -d
configure:2734: checking for gawk
configure:2764: result: no
configure:2734: checking for mawk
configure:2764: result: no
configure:2734: checking for nawk
configure:2764: result: no
configure:2734: checking for awk
configure:2750: found /usr/bin/awk
configure:2761: result: awk
configure:2772: checking whether make sets $(MAKE)
configure:2794: result: yes
configure:2823: checking whether make supports nested variables
configure:2840: result: yes
configure:2931: checking for style of include used by make
configure:2959: result: GNU
configure:3030: checking for gcc
configure:3046: found /usr/bin/gcc
configure:3057: result: gcc
configure:3286: checking for C compiler version
configure:3295: gcc --version >&5
Apple LLVM version 6.1.0 (clang-602.0.53) (based on LLVM 3.6.0svn)
Target: x86_64-apple-darwin14.0.0
Thread model: posix
Configured with: --prefix=/Applications/Xcode.app/Contents/Developer/usr --with-gxx-include-dir=/Applications/Xcode.app/Contents/Developer/Platforms/MacOSX.platform/Developer/SDKs/MacOSX10.10.sdk/usr/include/c++/4.2.1
configure:3306: $? = 0
configure:3295: gcc -v >&5
Configured with: --prefix=/Applications/Xcode.app/Contents/Developer/usr --with-gxx-include-dir=/Applications/Xcode.app/Contents/Developer/Platforms/MacOSX.platform/Developer/SDKs/MacOSX10.10.sdk/usr/include/c++/4.2.1
Apple LLVM version 6.1.0 (clang-602.0.53) (based on LLVM 3.6.0svn)
Target: x86_64-apple-darwin14.0.0
Thread model: posix
configure:3306: $? = 0
configure:3295: gcc -V >&5
clang: error: argument to '-V' is missing (expected 1 value)
clang: error: no input files
configure:3306: $? = 1
configure:3295: gcc -qversion >&5
clang: error: unknown argument: '-qversion'
clang: error: no input files
configure:3306: $? = 1
configure:3326: checking whether the C compiler works
configure:3348: gcc    conftest.c  >&5
configure:3352: $? = 0
configure:3400: result: yes
configure:3403: checking for C compiler default output file name
configure:3405: result: a.out
configure:3411: checking for suffix of executables
configure:3418: gcc -o conftest    conftest.c  >&5
configure:3422: $? = 0
configure:3444: result: 
configure:3466: checking whether we are cross compiling
configure:3474: gcc -o conftest    conftest.c  >&5
configure:3478: $? = 0
configure:3485: ./conftest
configure:3489: $? = 0
configure:3504: result: no
configure:3509: checking for suffix of object files
configure:3531: gcc -c   conftest.c >&5
configure:3535: $? = 0
configure:3556: result: o
configure:3560: checking whether we are using the GNU C compiler
configure:3579: gcc -c   conftest.c >&5
configure:3579: $? = 0
configure:3588: result: yes
configure:3597: checking whether gcc accepts -g
configure:3617: gcc -c -g  conftest.c >&5
configure:3617: $? = 0
configure:3658: result: yes
configure:3675: checking for gcc option to accept ISO C89
configure:3738: gcc  -c -g -O2  conftest.c >&5
configure:3738: $? = 0
configure:3751: result: none needed
configure:3773: checking dependency style of gcc
configure:3884: result: gcc3
configure:3949: checking for ar
configure:3965: found /Applications/Xcode.app/Contents/Developer/Toolchains/XcodeDefault.xctoolchain/usr/bin//ar
configure:3976: result: ar
configure:4002: checking the archiver (ar) interface
configure:4012: gcc -c -g -O2  conftest.c >&5
configure:4012: $? = 0
configure:4014: ar cru libconftest.a conftest.o >&5
configure:4017: $? = 0
configure:4040: result: ar
configure:4089: checking build system type
configure:4103: result: x86_64-apple-darwin14.0.0
configure:4123: checking host system type
configure:4136: result: x86_64-apple-darwin14.0.0
configure:4177: checking how to print strings
configure:4204: result: printf
configure:4225: checking for a sed that does not truncate output
configure:4289: result: /usr/bin/sed
configure:4307: checking for grep that handles long lines and -e
configure:4365: result: /usr/bin/grep
configure:4370: checking for egrep
configure:4432: result: /usr/bin/grep -E
configure:4437: checking for fgrep
configure:4499: result: /usr/bin/grep -F
configure:4534: checking for ld used by gcc
configure:4601: result: /Applications/Xcode.app/Contents/Developer/Toolchains/XcodeDefault.xctoolchain/usr/bin/ld
configure:4608: checking if the linker (/Applications/Xcode.app/Contents/Developer/Toolchains/XcodeDefault.xctoolchain/usr/bin/ld) is GNU ld
configure:4623: result: no
configure:4635: checking for BSD- or MS-compatible name lister (nm)
configure:4684: result: /Applications/Xcode.app/Contents/Developer/Toolchains/XcodeDefault.xctoolchain/usr/bin//nm
configure:4814: checking the name lister (/Applications/Xcode.app/Contents/Developer/Toolchains/XcodeDefault.xctoolchain/usr/bin//nm) interface
configure:4821: gcc -c -g -O2  conftest.c >&5
configure:4824: /Applications/Xcode.app/Contents/Developer/Toolchains/XcodeDefault.xctoolchain/usr/bin//nm "conftest.o"
configure:4827: output
00000000000001e8 S _some_variable
configure:4834: result: BSD nm
configure:4837: checking whether ln -s works
configure:4841: result: yes
configure:4849: checking the maximum length of command line arguments
configure:4974: result: 196608
configure:4991: checking whether the shell understands some XSI constructs
configure:5001: result: yes
configure:5005: checking whether the shell understands "+="
configure:5011: result: yes
configure:5046: checking how to convert x86_64-apple-darwin14.0.0 file names to x86_64-apple-darwin14.0.0 format
configure:5086: result: func_convert_file_noop
configure:5093: checking how to convert x86_64-apple-darwin14.0.0 file names to toolchain format
configure:5113: result: func_convert_file_noop
configure:5120: checking for /Applications/Xcode.app/Contents/Developer/Toolchains/XcodeDefault.xctoolchain/usr/bin/ld option to reload object files
configure:5127: result: -r
configure:5201: checking for objdump
configure:5231: result: no
configure:5257: checking how to recognize dependent libraries
configure:5459: result: pass_all
configure:5544: checking for dlltool
configure:5574: result: no
configure:5601: checking how to associate runtime and link libraries
configure:5628: result: printf %s\n
configure:5752: checking for archiver @FILE support
configure:5769: gcc -c -g -O2  conftest.c >&5
configure:5769: $? = 0
configure:5772: ar cru libconftest.a @conftest.lst >&5
ar: @conftest.lst: No such file or directory
configure:5775: $? = 1
configure:5795: result: no
configure:5853: checking for strip
configure:5869: found /Applications/Xcode.app/Contents/Developer/Toolchains/XcodeDefault.xctoolchain/usr/bin//strip
configure:5880: result: strip
configure:5952: checking for ranlib
configure:5968: found /Applications/Xcode.app/Contents/Developer/Toolchains/XcodeDefault.xctoolchain/usr/bin//ranlib
configure:5979: result: ranlib
configure:6081: checking command to parse /Applications/Xcode.app/Contents/Developer/Toolchains/XcodeDefault.xctoolchain/usr/bin//nm output from gcc object
configure:6200: gcc -c -g -O2  conftest.c >&5
configure:6203: $? = 0
configure:6207: /Applications/Xcode.app/Contents/Developer/Toolchains/XcodeDefault.xctoolchain/usr/bin//nm conftest.o \| sed -n -e 's/^.*[ ]\([BCDEGRST][BCDEGRST]*\)[ ][ ]*\([_A-Za-z][_A-Za-z0-9]*\)$/\1 \2 \2/p' | sed '/ __gnu_lto/d' \> conftest.nm
configure:6210: $? = 0
cannot find nm_test_var in conftest.nm
configure:6200: gcc -c -g -O2  conftest.c >&5
configure:6203: $? = 0
configure:6207: /Applications/Xcode.app/Contents/Developer/Toolchains/XcodeDefault.xctoolchain/usr/bin//nm conftest.o \| sed -n -e 's/^.*[ ]\([BCDEGRST][BCDEGRST]*\)[ ][ ]*_\([_A-Za-z][_A-Za-z0-9]*\)$/\1 _\2 \2/p' | sed '/ __gnu_lto/d' \> conftest.nm
configure:6210: $? = 0
configure:6276: gcc -o conftest -g -O2   conftest.c conftstm.o >&5
configure:6279: $? = 0
configure:6317: result: ok
configure:6354: checking for sysroot
configure:6384: result: no
configure:6627: checking for mt
configure:6657: result: no
configure:6677: checking if : is a manifest tool
configure:6683: : '-?'
configure:6691: result: no
configure:6747: checking for dsymutil
configure:6763: found /Applications/Xcode.app/Contents/Developer/Toolchains/XcodeDefault.xctoolchain/usr/bin//dsymutil
configure:6774: result: dsymutil
configure:6839: checking for nmedit
configure:6855: found /Applications/Xcode.app/Contents/Developer/Toolchains/XcodeDefault.xctoolchain/usr/bin//nmedit
configure:6866: result: nmedit
configure:6931: checking for lipo
configure:6947: found /Applications/Xcode.app/Contents/Developer/Toolchains/XcodeDefault.xctoolchain/usr/bin//lipo
configure:6958: result: lipo
configure:7023: checking for otool
configure:7039: found /Applications/Xcode.app/Contents/Developer/Toolchains/XcodeDefault.xctoolchain/usr/bin//otool
configure:7050: result: otool
configure:7115: checking for otool64
configure:7145: result: no
configure:7190: checking for -single_module linker flag
gcc -g -O2  -o libconftest.dylib -dynamiclib -Wl,-single_module conftest.c
configure:7217: result: yes
configure:7219: checking for -exported_symbols_list linker flag
configure:7239: gcc -o conftest -g -O2   -Wl,-exported_symbols_list,conftest.sym conftest.c  >&5
configure:7239: $? = 0
configure:7249: result: yes
configure:7251: checking for -force_load linker flag
gcc -g -O2 -c -o conftest.o conftest.c
ar cru libconftest.a conftest.o
ranlib libconftest.a
gcc -g -O2  -o conftest conftest.c -Wl,-force_load,./libconftest.a
configure:7281: result: yes
configure:7323: checking how to run the C preprocessor
configure:7354: gcc -E  conftest.c
configure:7354: $? = 0
configure:7368: gcc -E  conftest.c
conftest.c:11:10: fatal error: 'ac_nonexistent.h' file not found
#include <ac_nonexistent.h>
         ^
1 error generated.
configure:7368: $? = 1
configure: failed program was:
| /* confdefs.h */
| #define PACKAGE_NAME "libccp4"
| #define PACKAGE_TARNAME "libccp4"
| #define PACKAGE_VERSION "6.4.0"
| #define PACKAGE_STRING "libccp4 6.4.0"
| #define PACKAGE_BUGREPORT ""
| #define PACKAGE_URL ""
| #define PACKAGE "libccp4"
| #define VERSION "6.4.0"
| /* end confdefs.h.  */
| #include <ac_nonexistent.h>
configure:7393: result: gcc -E
configure:7413: gcc -E  conftest.c
configure:7413: $? = 0
configure:7427: gcc -E  conftest.c
conftest.c:11:10: fatal error: 'ac_nonexistent.h' file not found
#include <ac_nonexistent.h>
         ^
1 error generated.
configure:7427: $? = 1
configure: failed program was:
| /* confdefs.h */
| #define PACKAGE_NAME "libccp4"
| #define PACKAGE_TARNAME "libccp4"
| #define PACKAGE_VERSION "6.4.0"
| #define PACKAGE_STRING "libccp4 6.4.0"
| #define PACKAGE_BUGREPORT ""
| #define PACKAGE_URL ""
| #define PACKAGE "libccp4"
| #define VERSION "6.4.0"
| /* end confdefs.h.  */
| #include <ac_nonexistent.h>
configure:7456: checking for ANSI C header files
configure:7476: gcc -c -g -O2  conftest.c >&5
configure:7476: $? = 0
configure:7549: gcc -o conftest -g -O2   conftest.c  >&5
configure:7549: $? = 0
configure:7549: ./conftest
configure:7549: $? = 0
configure:7560: result: yes
configure:7573: checking for sys/types.h
configure:7573: gcc -c -g -O2  conftest.c >&5
configure:7573: $? = 0
configure:7573: result: yes
configure:7573: checking for sys/stat.h
configure:7573: gcc -c -g -O2  conftest.c >&5
configure:7573: $? = 0
configure:7573: result: yes
configure:7573: checking for stdlib.h
configure:7573: gcc -c -g -O2  conftest.c >&5
configure:7573: $? = 0
configure:7573: result: yes
configure:7573: checking for string.h
configure:7573: gcc -c -g -O2  conftest.c >&5
configure:7573: $? = 0
configure:7573: result: yes
configure:7573: checking for memory.h
configure:7573: gcc -c -g -O2  conftest.c >&5
configure:7573: $? = 0
configure:7573: result: yes
configure:7573: checking for strings.h
configure:7573: gcc -c -g -O2  conftest.c >&5
configure:7573: $? = 0
configure:7573: result: yes
configure:7573: checking for inttypes.h
configure:7573: gcc -c -g -O2  conftest.c >&5
configure:7573: $? = 0
configure:7573: result: yes
configure:7573: checking for stdint.h
configure:7573: gcc -c -g -O2  conftest.c >&5
configure:7573: $? = 0
configure:7573: result: yes
configure:7573: checking for unistd.h
configure:7573: gcc -c -g -O2  conftest.c >&5
configure:7573: $? = 0
configure:7573: result: yes
configure:7587: checking for dlfcn.h
configure:7587: gcc -c -g -O2  conftest.c >&5
configure:7587: $? = 0
configure:7587: result: yes
configure:8071: checking for objdir
configure:8086: result: .libs
configure:8357: checking if gcc supports -fno-rtti -fno-exceptions
configure:8375: gcc -c -g -O2  -fno-rtti -fno-exceptions conftest.c >&5
configure:8379: $? = 0
configure:8392: result: yes
configure:8702: checking for gcc option to produce PIC
configure:8709: result: -fno-common -DPIC
configure:8717: checking if gcc PIC flag -fno-common -DPIC works
configure:8735: gcc -c -g -O2  -fno-common -DPIC -DPIC conftest.c >&5
configure:8739: $? = 0
configure:8752: result: yes
configure:8781: checking if gcc static flag -static works
configure:8809: result: no
configure:8824: checking if gcc supports -c -o file.o
configure:8845: gcc -c -g -O2  -o out/conftest2.o conftest.c >&5
configure:8849: $? = 0
configure:8871: result: yes
configure:8879: checking if gcc supports -c -o file.o
configure:8926: result: yes
configure:8959: checking whether the gcc linker (/Applications/Xcode.app/Contents/Developer/Toolchains/XcodeDefault.xctoolchain/usr/bin/ld) supports shared libraries
configure:10117: result: yes
configure:10362: checking dynamic linker characteristics
configure:11102: result: darwin14.0.0 dyld
configure:11209: checking how to hardcode library paths into programs
configure:11234: result: immediate
configure:11774: checking whether stripping libraries is possible
configure:11788: result: yes
configure:11814: checking if libtool supports shared libraries
configure:11816: result: yes
configure:11819: checking whether to build shared libraries
configure:11840: result: no
configure:11843: checking whether to build static libraries
configure:11847: result: yes
configure:11931: checking for gcc
configure:11958: result: gcc
configure:12187: checking for C compiler version
configure:12196: gcc --version >&5
Apple LLVM version 6.1.0 (clang-602.0.53) (based on LLVM 3.6.0svn)
Target: x86_64-apple-darwin14.0.0
Thread model: posix
Configured with: --prefix=/Applications/Xcode.app/Contents/Developer/usr --with-gxx-include-dir=/Applications/Xcode.app/Contents/Developer/Platforms/MacOSX.platform/Developer/SDKs/MacOSX10.10.sdk/usr/include/c++/4.2.1
configure:12207: $? = 0
configure:12196: gcc -v >&5
Configured with: --prefix=/Applications/Xcode.app/Contents/Developer/usr --with-gxx-include-dir=/Applications/Xcode.app/Contents/Developer/Platforms/MacOSX.platform/Developer/SDKs/MacOSX10.10.sdk/usr/include/c++/4.2.1
Apple LLVM version 6.1.0 (clang-602.0.53) (based on LLVM 3.6.0svn)
Target: x86_64-apple-darwin14.0.0
Thread model: posix
configure:12207: $? = 0
configure:12196: gcc -V >&5
clang: error: argument to '-V' is missing (expected 1 value)
clang: error: no input files
configure:12207: $? = 1
configure:12196: gcc -qversion >&5
clang: error: unknown argument: '-qversion'
clang: error: no input files
configure:12207: $? = 1
configure:12211: checking whether we are using the GNU C compiler
configure:12239: result: yes
configure:12248: checking whether gcc accepts -g
configure:12309: result: yes
configure:12326: checking for gcc option to accept ISO C89
configure:12402: result: none needed
configure:12424: checking dependency style of gcc
configure:12535: result: gcc3
configure:12608: checking for g++
configure:12624: found /usr/bin/g++
configure:12635: result: g++
configure:12662: checking for C++ compiler version
configure:12671: g++ --version >&5
Apple LLVM version 6.1.0 (clang-602.0.53) (based on LLVM 3.6.0svn)
Target: x86_64-apple-darwin14.0.0
Thread model: posix
Configured with: --prefix=/Applications/Xcode.app/Contents/Developer/usr --with-gxx-include-dir=/Applications/Xcode.app/Contents/Developer/Platforms/MacOSX.platform/Developer/SDKs/MacOSX10.10.sdk/usr/include/c++/4.2.1
configure:12682: $? = 0
configure:12671: g++ -v >&5
Configured with: --prefix=/Applications/Xcode.app/Contents/Developer/usr --with-gxx-include-dir=/Applications/Xcode.app/Contents/Developer/Platforms/MacOSX.platform/Developer/SDKs/MacOSX10.10.sdk/usr/include/c++/4.2.1
Apple LLVM version 6.1.0 (clang-602.0.53) (based on LLVM 3.6.0svn)
Target: x86_64-apple-darwin14.0.0
Thread model: posix
configure:12682: $? = 0
configure:12671: g++ -V >&5
clang: error: argument to '-V' is missing (expected 1 value)
clang: error: no input files
configure:12682: $? = 1
configure:12671: g++ -qversion >&5
clang: error: unknown argument: '-qversion'
clang: error: no input files
configure:12682: $? = 1
configure:12686: checking whether we are using the GNU C++ compiler
configure:12705: g++ -c   conftest.cpp >&5
configure:12705: $? = 0
configure:12714: result: yes
configure:12723: checking whether g++ accepts -g
configure:12743: g++ -c -g  conftest.cpp >&5
configure:12743: $? = 0
configure:12784: result: yes
configure:12809: checking dependency style of g++
configure:12920: result: gcc3
configure:12953: checking how to run the C++ preprocessor
configure:12980: g++ -E  conftest.cpp
configure:12980: $? = 0
configure:12994: g++ -E  conftest.cpp
conftest.cpp:23:10: fatal error: 'ac_nonexistent.h' file not found
#include <ac_nonexistent.h>
         ^
1 error generated.
configure:12994: $? = 1
configure: failed program was:
| /* confdefs.h */
| #define PACKAGE_NAME "libccp4"
| #define PACKAGE_TARNAME "libccp4"
| #define PACKAGE_VERSION "6.4.0"
| #define PACKAGE_STRING "libccp4 6.4.0"
| #define PACKAGE_BUGREPORT ""
| #define PACKAGE_URL ""
| #define PACKAGE "libccp4"
| #define VERSION "6.4.0"
| #define STDC_HEADERS 1
| #define HAVE_SYS_TYPES_H 1
| #define HAVE_SYS_STAT_H 1
| #define HAVE_STDLIB_H 1
| #define HAVE_STRING_H 1
| #define HAVE_MEMORY_H 1
| #define HAVE_STRINGS_H 1
| #define HAVE_INTTYPES_H 1
| #define HAVE_STDINT_H 1
| #define HAVE_UNISTD_H 1
| #define HAVE_DLFCN_H 1
| #define LT_OBJDIR ".libs/"
| /* end confdefs.h.  */
| #include <ac_nonexistent.h>
configure:13019: result: g++ -E
configure:13039: g++ -E  conftest.cpp
configure:13039: $? = 0
configure:13053: g++ -E  conftest.cpp
conftest.cpp:23:10: fatal error: 'ac_nonexistent.h' file not found
#include <ac_nonexistent.h>
         ^
1 error generated.
configure:13053: $? = 1
configure: failed program was:
| /* confdefs.h */
| #define PACKAGE_NAME "libccp4"
| #define PACKAGE_TARNAME "libccp4"
| #define PACKAGE_VERSION "6.4.0"
| #define PACKAGE_STRING "libccp4 6.4.0"
| #define PACKAGE_BUGREPORT ""
| #define PACKAGE_URL ""
| #define PACKAGE "libccp4"
| #define VERSION "6.4.0"
| #define STDC_HEADERS 1
| #define HAVE_SYS_TYPES_H 1
| #define HAVE_SYS_STAT_H 1
| #define HAVE_STDLIB_H 1
| #define HAVE_STRING_H 1
| #define HAVE_MEMORY_H 1
| #define HAVE_STRINGS_H 1
| #define HAVE_INTTYPES_H 1
| #define HAVE_STDINT_H 1
| #define HAVE_UNISTD_H 1
| #define HAVE_DLFCN_H 1
| #define LT_OBJDIR ".libs/"
| /* end confdefs.h.  */
| #include <ac_nonexistent.h>
configure:13223: checking for ld used by g++
configure:13290: result: /Applications/Xcode.app/Contents/Developer/Toolchains/XcodeDefault.xctoolchain/usr/bin/ld
configure:13297: checking if the linker (/Applications/Xcode.app/Contents/Developer/Toolchains/XcodeDefault.xctoolchain/usr/bin/ld) is GNU ld
configure:13312: result: no
configure:13367: checking whether the g++ linker (/Applications/Xcode.app/Contents/Developer/Toolchains/XcodeDefault.xctoolchain/usr/bin/ld) supports shared libraries
configure:14371: result: yes
configure:14406: g++ -c -g -O2  conftest.cpp >&5
configure:14409: $? = 0
configure:14929: checking for g++ option to produce PIC
configure:14936: result: -fno-common -DPIC
configure:14944: checking if g++ PIC flag -fno-common -DPIC works
configure:14962: g++ -c -g -O2  -fno-common -DPIC -DPIC conftest.cpp >&5
configure:14966: $? = 0
configure:14979: result: yes
configure:15002: checking if g++ static flag -static works
configure:15030: result: no
configure:15042: checking if g++ supports -c -o file.o
configure:15063: g++ -c -g -O2  -o out/conftest2.o conftest.cpp >&5
configure:15067: $? = 0
configure:15089: result: yes
configure:15094: checking if g++ supports -c -o file.o
configure:15141: result: yes
configure:15171: checking whether the g++ linker (/Applications/Xcode.app/Contents/Developer/Toolchains/XcodeDefault.xctoolchain/usr/bin/ld) supports shared libraries
configure:15205: result: yes
configure:15348: checking dynamic linker characteristics
configure:16022: result: darwin14.0.0 dyld
configure:16075: checking how to hardcode library paths into programs
configure:16100: result: immediate
configure:16143: checking whether to enable maintainer-specific portions of Makefiles
configure:16152: result: no
configure:16235: checking for xlf90
configure:16265: result: no
configure:16235: checking for f90
configure:16265: result: no
configure:16235: checking for pgf90
configure:16265: result: no
configure:16235: checking for pghpf
configure:16265: result: no
configure:16235: checking for epcf90
configure:16265: result: no
configure:16235: checking for gfortran
configure:16251: found /usr/local/bin/gfortran
configure:16262: result: gfortran
configure:16288: checking for Fortran 77 compiler version
configure:16297: gfortran --version >&5
GNU Fortran (GCC) 5.1.0
Copyright (C) 2015 Free Software Foundation, Inc.

GNU Fortran comes with NO WARRANTY, to the extent permitted by law.
You may redistribute copies of GNU Fortran
under the terms of the GNU General Public License.
For more information about these matters, see the file named COPYING

configure:16308: $? = 0
configure:16297: gfortran -v >&5
Using built-in specs.
COLLECT_GCC=gfortran
COLLECT_LTO_WRAPPER=/usr/local/gfortran/libexec/gcc/x86_64-apple-darwin14/5.1.0/lto-wrapper
Target: x86_64-apple-darwin14
Configured with: ../gcc-5.1.0/configure --prefix=/usr/local/gfortran --with-gmp=/Users/fx/devel/gcc/deps-static/x86_64 --enable-languages=c,c++,fortran,objc,obj-c++ --build=x86_64-apple-darwin14
Thread model: posix
gcc version 5.1.0 (GCC) 
configure:16308: $? = 0
configure:16297: gfortran -V >&5
gfortran: error: unrecognized command line option '-V'
gfortran: fatal error: no input files
compilation terminated.
configure:16308: $? = 1
configure:16297: gfortran -qversion >&5
gfortran: error: unrecognized command line option '-qversion'
gfortran: fatal error: no input files
compilation terminated.
configure:16308: $? = 1
configure:16317: checking whether we are using the GNU Fortran 77 compiler
configure:16330: gfortran -c  conftest.F >&5
configure:16330: $? = 0
configure:16339: result: yes
configure:16345: checking whether gfortran accepts -g
configure:16356: gfortran -c -g conftest.f >&5
configure:16356: $? = 0
configure:16364: result: yes
configure:16501: checking if libtool supports shared libraries
configure:16503: result: yes
configure:16506: checking whether to build shared libraries
configure:16526: result: no
configure:16529: checking whether to build static libraries
configure:16533: result: yes
configure:16837: checking for gfortran option to produce PIC
configure:16844: result: -fno-common
configure:16852: checking if gfortran PIC flag -fno-common works
configure:16870: gfortran -c -g -O2 -fno-common conftest.f >&5
configure:16874: $? = 0
configure:16887: result: yes
configure:16910: checking if gfortran static flag -static works
configure:16938: result: no
configure:16950: checking if gfortran supports -c -o file.o
configure:16971: gfortran -c -g -O2 -o out/conftest2.o conftest.f >&5
configure:16975: $? = 0
configure:16997: result: yes
configure:17002: checking if gfortran supports -c -o file.o
configure:17049: result: yes
configure:17079: checking whether the gfortran linker (/Applications/Xcode.app/Contents/Developer/Toolchains/XcodeDefault.xctoolchain/usr/bin/ld) supports shared libraries
configure:18187: result: yes
configure:18330: checking dynamic linker characteristics
configure:18998: result: darwin14.0.0 dyld
configure:19051: checking how to hardcode library paths into programs
configure:19076: result: immediate
configure:19120: gfortran -o conftest -g -O2  conftest.f  >&5
configure:19120: $? = 0
configure:19135: checking for m4
configure:19153: found /Applications/Xcode.app/Contents/Developer/Toolchains/XcodeDefault.xctoolchain/usr/bin//m4
configure:19165: result: /Applications/Xcode.app/Contents/Developer/Toolchains/XcodeDefault.xctoolchain/usr/bin//m4
configure:19263: gcc -c -g -O2  conftest.c >&5
conftest.c:28:8: error: use of undeclared identifier '_WIN32'
return _WIN32;
       ^
1 error generated.
configure:19263: $? = 1
configure: failed program was:
| /* confdefs.h */
| #define PACKAGE_NAME "libccp4"
| #define PACKAGE_TARNAME "libccp4"
| #define PACKAGE_VERSION "6.4.0"
| #define PACKAGE_STRING "libccp4 6.4.0"
| #define PACKAGE_BUGREPORT ""
| #define PACKAGE_URL ""
| #define PACKAGE "libccp4"
| #define VERSION "6.4.0"
| #define STDC_HEADERS 1
| #define HAVE_SYS_TYPES_H 1
| #define HAVE_SYS_STAT_H 1
| #define HAVE_STDLIB_H 1
| #define HAVE_STRING_H 1
| #define HAVE_MEMORY_H 1
| #define HAVE_STRINGS_H 1
| #define HAVE_INTTYPES_H 1
| #define HAVE_STDINT_H 1
| #define HAVE_UNISTD_H 1
| #define HAVE_DLFCN_H 1
| #define LT_OBJDIR ".libs/"
| #define GFORTRAN 1
| /* end confdefs.h.  */
| 
| int
| main ()
| {
| return _WIN32;
|   ;
|   return 0;
| }
configure:19268: fortran/unix.m4 will be processed with m4 -D_gfort=1
configure:19271: checking for library containing cos
configure:19302: gcc -o conftest -g -O2   conftest.c  >&5
conftest.c:31:6: warning: incompatible redeclaration of library function 'cos' [-Wincompatible-library-redeclaration]
char cos ();
     ^
conftest.c:31:6: note: 'cos' is a builtin with type 'double (double)'
1 warning generated.
configure:19302: $? = 0
configure:19319: result: none required
configure:19335: checking for MMDB_CCIF_Init in -lmmdb
configure:19360: g++ -o conftest -g -O2   conftest.cpp -lmmdb   >&5
ld: library not found for -lmmdb
clang: error: linker command failed with exit code 1 (use -v to see invocation)
configure:19360: $? = 1
configure: failed program was:
| /* confdefs.h */
| #define PACKAGE_NAME "libccp4"
| #define PACKAGE_TARNAME "libccp4"
| #define PACKAGE_VERSION "6.4.0"
| #define PACKAGE_STRING "libccp4 6.4.0"
| #define PACKAGE_BUGREPORT ""
| #define PACKAGE_URL ""
| #define PACKAGE "libccp4"
| #define VERSION "6.4.0"
| #define STDC_HEADERS 1
| #define HAVE_SYS_TYPES_H 1
| #define HAVE_SYS_STAT_H 1
| #define HAVE_STDLIB_H 1
| #define HAVE_STRING_H 1
| #define HAVE_MEMORY_H 1
| #define HAVE_STRINGS_H 1
| #define HAVE_INTTYPES_H 1
| #define HAVE_STDINT_H 1
| #define HAVE_UNISTD_H 1
| #define HAVE_DLFCN_H 1
| #define LT_OBJDIR ".libs/"
| #define GFORTRAN 1
| /* end confdefs.h.  */
| 
| /* Override any GCC internal prototype to avoid an error.
|    Use char because int might match the return type of a GCC
|    builtin and then its argument prototype would still apply.  */
| #ifdef __cplusplus
| extern "C"
| #endif
| char MMDB_CCIF_Init ();
| int
| main ()
| {
| return MMDB_CCIF_Init ();
|   ;
|   return 0;
| }
configure:19369: result: no
configure:19374: WARNING: mmdb library not found.
configure:19520: checking that generated files are newer than configure
configure:19526: result: done
configure:19569: creating ./config.status

## ---------------------- ##
## Running config.status. ##
## ---------------------- ##

This file was extended by libccp4 config.status 6.4.0, which was
generated by GNU Autoconf 2.69.  Invocation command line was

  CONFIG_FILES    = 
  CONFIG_HEADERS  = 
  CONFIG_LINKS    = 
  CONFIG_COMMANDS = 
  $ ./config.status 

on Helens-MacBook-Pro.local

config.status:1210: creating Makefile
config.status:1210: creating libccp4c.pc
config.status:1210: creating libccp4f.pc
config.status:1210: creating config.h
config.status:1391: config.h is unchanged
config.status:1439: executing depfiles commands
config.status:1439: executing libtool commands

## ---------------- ##
## Cache variables. ##
## ---------------- ##

ac_cv_build=x86_64-apple-darwin14.0.0
ac_cv_c_compiler_gnu=yes
ac_cv_cxx_compiler_gnu=yes
ac_cv_env_CCC_set=
ac_cv_env_CCC_value=
ac_cv_env_CC_set=
ac_cv_env_CC_value=
ac_cv_env_CFLAGS_set=
ac_cv_env_CFLAGS_value=
ac_cv_env_CPPFLAGS_set=
ac_cv_env_CPPFLAGS_value=
ac_cv_env_CPP_set=
ac_cv_env_CPP_value=
ac_cv_env_CXXCPP_set=
ac_cv_env_CXXCPP_value=
ac_cv_env_CXXFLAGS_set=
ac_cv_env_CXXFLAGS_value=
ac_cv_env_CXX_set=
ac_cv_env_CXX_value=
ac_cv_env_F77_set=
ac_cv_env_F77_value=
ac_cv_env_FFLAGS_set=
ac_cv_env_FFLAGS_value=
ac_cv_env_LDFLAGS_set=
ac_cv_env_LDFLAGS_value=
ac_cv_env_LIBS_set=
ac_cv_env_LIBS_value=
ac_cv_env_build_alias_set=
ac_cv_env_build_alias_value=
ac_cv_env_host_alias_set=
ac_cv_env_host_alias_value=
ac_cv_env_target_alias_set=
ac_cv_env_target_alias_value=
ac_cv_f77_compiler_gnu=yes
ac_cv_header_dlfcn_h=yes
ac_cv_header_inttypes_h=yes
ac_cv_header_memory_h=yes
ac_cv_header_stdc=yes
ac_cv_header_stdint_h=yes
ac_cv_header_stdlib_h=yes
ac_cv_header_string_h=yes
ac_cv_header_strings_h=yes
ac_cv_header_sys_stat_h=yes
ac_cv_header_sys_types_h=yes
ac_cv_header_unistd_h=yes
ac_cv_host=x86_64-apple-darwin14.0.0
ac_cv_lib_mmdb_MMDB_CCIF_Init=no
ac_cv_objext=o
ac_cv_path_EGREP='/usr/bin/grep -E'
ac_cv_path_FGREP='/usr/bin/grep -F'
ac_cv_path_GREP=/usr/bin/grep
ac_cv_path_M4=/Applications/Xcode.app/Contents/Developer/Toolchains/XcodeDefault.xctoolchain/usr/bin//m4
ac_cv_path_SED=/usr/bin/sed
ac_cv_path_install='/usr/bin/install -c'
ac_cv_prog_AWK=awk
ac_cv_prog_CPP='gcc -E'
ac_cv_prog_CXXCPP='g++ -E'
ac_cv_prog_ac_ct_AR=ar
ac_cv_prog_ac_ct_CC=gcc
ac_cv_prog_ac_ct_CXX=g++
ac_cv_prog_ac_ct_DSYMUTIL=dsymutil
ac_cv_prog_ac_ct_F77=gfortran
ac_cv_prog_ac_ct_LIPO=lipo
ac_cv_prog_ac_ct_NMEDIT=nmedit
ac_cv_prog_ac_ct_OTOOL=otool
ac_cv_prog_ac_ct_RANLIB=ranlib
ac_cv_prog_ac_ct_STRIP=strip
ac_cv_prog_cc_c89=
ac_cv_prog_cc_g=yes
ac_cv_prog_cxx_g=yes
ac_cv_prog_f77_g=yes
ac_cv_prog_make_make_set=yes
ac_cv_search_cos='none required'
am_cv_CC_dependencies_compiler_type=gcc3
am_cv_CXX_dependencies_compiler_type=gcc3
am_cv_ar_interface=ar
am_cv_make_support_nested_variables=yes
lt_cv_apple_cc_single_mod=yes
lt_cv_ar_at_file=no
lt_cv_deplibs_check_method=pass_all
lt_cv_file_magic_cmd='$MAGIC_CMD'
lt_cv_file_magic_test_file=
lt_cv_ld_exported_symbols_list=yes
lt_cv_ld_force_load=yes
lt_cv_ld_reload_flag=-r
lt_cv_nm_interface='BSD nm'
lt_cv_objdir=.libs
lt_cv_path_LD=/Applications/Xcode.app/Contents/Developer/Toolchains/XcodeDefault.xctoolchain/usr/bin/ld
lt_cv_path_LDCXX=/Applications/Xcode.app/Contents/Developer/Toolchains/XcodeDefault.xctoolchain/usr/bin/ld
lt_cv_path_NM=/Applications/Xcode.app/Contents/Developer/Toolchains/XcodeDefault.xctoolchain/usr/bin//nm
lt_cv_path_mainfest_tool=no
lt_cv_prog_compiler_c_o=yes
lt_cv_prog_compiler_c_o_CXX=yes
lt_cv_prog_compiler_c_o_F77=yes
lt_cv_prog_compiler_pic='-fno-common -DPIC'
lt_cv_prog_compiler_pic_CXX='-fno-common -DPIC'
lt_cv_prog_compiler_pic_F77=-fno-common
lt_cv_prog_compiler_pic_works=yes
lt_cv_prog_compiler_pic_works_CXX=yes
lt_cv_prog_compiler_pic_works_F77=yes
lt_cv_prog_compiler_rtti_exceptions=yes
lt_cv_prog_compiler_static_works=no
lt_cv_prog_compiler_static_works_CXX=no
lt_cv_prog_compiler_static_works_F77=no
lt_cv_prog_gnu_ld=no
lt_cv_prog_gnu_ldcxx=no
lt_cv_sharedlib_from_linklib_cmd='printf %s\n'
lt_cv_sys_global_symbol_pipe='sed -n -e '\''s/^.*[	 ]\([BCDEGRST][BCDEGRST]*\)[	 ][	 ]*_\([_A-Za-z][_A-Za-z0-9]*\)$/\1 _\2 \2/p'\'' | sed '\''/ __gnu_lto/d'\'''
lt_cv_sys_global_symbol_to_c_name_address='sed -n -e '\''s/^: \([^ ]*\)[ ]*$/  {\"\1\", (void *) 0},/p'\'' -e '\''s/^[BCDEGRST]* \([^ ]*\) \([^ ]*\)$/  {"\2", (void *) \&\2},/p'\'''
lt_cv_sys_global_symbol_to_c_name_address_lib_prefix='sed -n -e '\''s/^: \([^ ]*\)[ ]*$/  {\"\1\", (void *) 0},/p'\'' -e '\''s/^[BCDEGRST]* \([^ ]*\) \(lib[^ ]*\)$/  {"\2", (void *) \&\2},/p'\'' -e '\''s/^[BCDEGRST]* \([^ ]*\) \([^ ]*\)$/  {"lib\2", (void *) \&\2},/p'\'''
lt_cv_sys_global_symbol_to_cdecl='sed -n -e '\''s/^T .* \(.*\)$/extern int \1();/p'\'' -e '\''s/^[BCDEGRST]* .* \(.*\)$/extern char \1;/p'\'''
lt_cv_sys_max_cmd_len=196608
lt_cv_to_host_file_cmd=func_convert_file_noop
lt_cv_to_tool_file_cmd=func_convert_file_noop

## ----------------- ##
## Output variables. ##
## ----------------- ##

ACLOCAL='${SHELL} /Users/helenginn/deconvolute/libccp4/build-aux/missing --run aclocal-1.12'
AMDEPBACKSLASH='\'
AMDEP_FALSE='#'
AMDEP_TRUE=''
AMTAR='$${TAR-tar}'
AM_BACKSLASH='\'
AM_DEFAULT_V='$(AM_DEFAULT_VERBOSITY)'
AM_DEFAULT_VERBOSITY='1'
AM_V='$(V)'
AR='ar'
AS='as'
AUTOCONF='${SHELL} /Users/helenginn/deconvolute/libccp4/build-aux/missing --run autoconf'
AUTOHEADER='${SHELL} /Users/helenginn/deconvolute/libccp4/build-aux/missing --run autoheader'
AUTOMAKE='${SHELL} /Users/helenginn/deconvolute/libccp4/build-aux/missing --run automake-1.12'
AWK='awk'
CC='gcc'
CCDEPMODE='depmode=gcc3'
CFLAGS='-g -O2'
CPP='gcc -E'
CPPFLAGS=''
CXX='g++'
CXXCPP='g++ -E'
CXXDEPMODE='depmode=gcc3'
CXXFLAGS='-g -O2'
CYGPATH_W='echo'
DEFS='-DHAVE_CONFIG_H'
DEPDIR='.deps'
DLLTOOL='false'
DSYMUTIL='dsymutil'
DUMPBIN=''
ECHO_C='\c'
ECHO_N=''
ECHO_T=''
EGREP='/usr/bin/grep -E'
EXEEXT=''
F77='gfortran'
FFLAGS='-g -O2'
FGREP='/usr/bin/grep -F'
FORTRAN_LIB_FALSE='#'
FORTRAN_LIB_TRUE=''
GNU_FORTRAN_FALSE='#'
GNU_FORTRAN_TRUE=''
GREP='/usr/bin/grep'
INSTALL_DATA='${INSTALL} -m 644'
INSTALL_PROGRAM='${INSTALL}'
INSTALL_SCRIPT='${INSTALL}'
INSTALL_STRIP_PROGRAM='$(install_sh) -c -s'
LD='/Applications/Xcode.app/Contents/Developer/Toolchains/XcodeDefault.xctoolchain/usr/bin/ld'
LDFLAGS=''
LIBOBJS=''
LIBS=''
LIBTOOL='$(SHELL) $(top_builddir)/libtool'
LIPO='lipo'
LN_S='ln -s'
LTLIBOBJS=''
M4='/Applications/Xcode.app/Contents/Developer/Toolchains/XcodeDefault.xctoolchain/usr/bin//m4'
M4_ARG='-D_gfort=1'
MAINT='#'
MAINTAINER_MODE_FALSE=''
MAINTAINER_MODE_TRUE='#'
MAKEINFO='${SHELL} /Users/helenginn/deconvolute/libccp4/build-aux/missing --run makeinfo'
MANIFEST_TOOL=':'
MKDIR_P='build-aux/install-sh -c -d'
NM='/Applications/Xcode.app/Contents/Developer/Toolchains/XcodeDefault.xctoolchain/usr/bin//nm'
NMEDIT='nmedit'
OBJDUMP='false'
OBJEXT='o'
OTOOL64=':'
OTOOL='otool'
PACKAGE='libccp4'
PACKAGE_BUGREPORT=''
PACKAGE_NAME='libccp4'
PACKAGE_STRING='libccp4 6.4.0'
PACKAGE_TARNAME='libccp4'
PACKAGE_URL=''
PACKAGE_VERSION='6.4.0'
PATH_SEPARATOR=':'
RANLIB='ranlib'
SED='/usr/bin/sed'
SET_MAKE=''
SHELL='/bin/sh'
STRIP='strip'
VERSION='6.4.0'
ac_ct_AR='ar'
ac_ct_CC='gcc'
ac_ct_CXX='g++'
ac_ct_DUMPBIN=''
ac_ct_F77='gfortran'
am__EXEEXT_FALSE=''
am__EXEEXT_TRUE='#'
am__fastdepCC_FALSE='#'
am__fastdepCC_TRUE=''
am__fastdepCXX_FALSE='#'
am__fastdepCXX_TRUE=''
am__include='include'
am__isrc=''
am__leading_dot='.'
am__nodep='_no'
am__quote=''
am__tar='$${TAR-tar} chof - "$$tardir"'
am__untar='$${TAR-tar} xf -'
bindir='${exec_prefix}/bin'
build='x86_64-apple-darwin14.0.0'
build_alias=''
build_cpu='x86_64'
build_os='darwin14.0.0'
build_vendor='apple'
datadir='${datarootdir}'
datarootdir='${prefix}/share'
docdir='${datarootdir}/doc/${PACKAGE_TARNAME}'
dvidir='${docdir}'
exec_prefix='${prefix}'
host='x86_64-apple-darwin14.0.0'
host_alias=''
host_cpu='x86_64'
host_os='darwin14.0.0'
host_vendor='apple'
htmldir='${docdir}'
includedir='${prefix}/include'
infodir='${datarootdir}/info'
install_sh='${SHELL} /Users/helenginn/deconvolute/libccp4/build-aux/install-sh'
libdir='${exec_prefix}/lib'
libexecdir='${exec_prefix}/libexec'
localedir='${datarootdir}/locale'
localstatedir='${prefix}/var'
mandir='${datarootdir}/man'
mkdir_p='$(MKDIR_P)'
oldincludedir='/usr/include'
pdfdir='${docdir}'
prefix='/usr/local'
program_transform_name='s,x,x,'
psdir='${docdir}'
sbindir='${exec_prefix}/sbin'
sharedstatedir='${prefix}/com'
sysconfdir='${prefix}/etc'
target_alias=''

## ----------- ##
## confdefs.h. ##
## ----------- ##

/* confdefs.h */
#define PACKAGE_NAME "libccp4"
#define PACKAGE_TARNAME "libccp4"
#define PACKAGE_VERSION "6.4.0"
#define PACKAGE_STRING "libccp4 6.4.0"
#define PACKAGE_BUGREPORT ""
#define PACKAGE_URL ""
#define PACKAGE "libccp4"
#define VERSION "6.4.0"
#define STDC_HEADERS 1
#define HAVE_SYS_TYPES_H 1
#define HAVE_SYS_STAT_H 1
#define HAVE_STDLIB_H 1
#define HAVE_STRING_H 1
#define HAVE_MEMORY_H 1
#define HAVE_STRINGS_H 1
#define HAVE_INTTYPES_H 1
#define HAVE_STDINT_H 1
#define HAVE_UNISTD_H 1
#define HAVE_DLFCN_H 1
#define LT_OBJDIR ".libs/"
#define GFORTRAN 1
#define PACKAGE_ROOT "/usr/local"

configure: exit 0
